#
# There is insufficient memory for the Java Runtime Environment to continue.
# Native memory allocation (mmap) failed to map 65536 bytes. Error detail: Failed to commit metaspace.
# Possible reasons:
#   The system is out of physical RAM or swap space
#   This process is running with CompressedOops enabled, and the Java Heap may be blocking the growth of the native heap
# Possible solutions:
#   Reduce memory load on the system
#   Increase physical memory or swap space
#   Check if swap backing store is full
#   Decrease Java heap size (-Xmx/-Xms)
#   Decrease number of Java threads
#   Decrease Java thread stack sizes (-Xss)
#   Set larger code cache with -XX:ReservedCodeCacheSize=
#   JVM is running with Unscaled Compressed Oops mode in which the Java heap is
#     placed in the first 4GB address space. The Java Heap base address is the
#     maximum limit for the native heap growth. Please use -XX:HeapBaseMinAddress
#     to set the Java Heap base and to place the Java Heap above 4GB virtual address.
# This output file may be truncated or incomplete.
#
#  Out of Memory Error (virtualSpaceNode.cpp:110), pid=25412, tid=25968
#
# JRE version: OpenJDK Runtime Environment (17.0.11) (build 17.0.11+0--11852314)
# Java VM: OpenJDK 64-Bit Server VM (17.0.11+0--11852314, mixed mode, tiered, compressed oops, compressed class ptrs, g1 gc, windows-amd64)
# No core dump will be written. Minidumps are not enabled by default on client versions of Windows
#

---------------  S U M M A R Y ------------

Command Line: org.jetbrains.kotlin.cli.jvm.K2JVMCompiler @C:\Users\bimur\AndroidStudioProjects\AndroidFinal1\app\build\20241205_2811379833804630487.compiler.options

Host: 11th Gen Intel(R) Core(TM) i3-1115G4 @ 3.00GHz, 4 cores, 7G,  Windows 11 , 64 bit Build 22621 (10.0.22621.4391)
Time: Thu Dec  5 13:43:12 2024  Windows 11 , 64 bit Build 22621 (10.0.22621.4391) elapsed time: 1.042323 seconds (0d 0h 0m 1s)

---------------  T H R E A D  ---------------

Current thread (0x000001bac7ad9b00):  JavaThread "main" [_thread_in_vm, id=25968, stack(0x000000027fb00000,0x000000027fc00000)]

Stack: [0x000000027fb00000,0x000000027fc00000]
Native frames: (J=compiled Java code, j=interpreted, Vv=VM code, C=native code)
V  [jvm.dll+0x687bb9]
V  [jvm.dll+0x84142a]
V  [jvm.dll+0x8430ae]
V  [jvm.dll+0x843713]
V  [jvm.dll+0x24a35f]
V  [jvm.dll+0x83c2bb]
V  [jvm.dll+0x62c046]
V  [jvm.dll+0x1c2bde]
V  [jvm.dll+0x62e9a1]
V  [jvm.dll+0x62c9e6]
V  [jvm.dll+0x6368b7]
V  [jvm.dll+0x1ecefb]
V  [jvm.dll+0x1ed435]
V  [jvm.dll+0x1eddd5]
V  [jvm.dll+0x1e328c]
V  [jvm.dll+0x54c5bc]
V  [jvm.dll+0x7ba5e5]
V  [jvm.dll+0x7ba6fe]
V  [jvm.dll+0x41465a]
V  [jvm.dll+0x41a7e9]
C  [java.dll+0x17ec]

Java frames: (J=compiled Java code, j=interpreted, Vv=VM code)
J 491  java.lang.ClassLoader.defineClass1(Ljava/lang/ClassLoader;Ljava/lang/String;[BIILjava/security/ProtectionDomain;Ljava/lang/String;)Ljava/lang/Class; java.base@17.0.11 (0 bytes) @ 0x000001bad2a9f2db [0x000001bad2a9f220+0x00000000000000bb]
J 488 c1 java.lang.ClassLoader.defineClass(Ljava/lang/String;[BIILjava/security/ProtectionDomain;)Ljava/lang/Class; java.base@17.0.11 (43 bytes) @ 0x000001bacb08cdc4 [0x000001bacb08ca80+0x0000000000000344]
J 442 c1 java.security.SecureClassLoader.defineClass(Ljava/lang/String;[BIILjava/security/CodeSource;)Ljava/lang/Class; java.base@17.0.11 (16 bytes) @ 0x000001bacb07340c [0x000001bacb073340+0x00000000000000cc]
J 432 c1 jdk.internal.loader.BuiltinClassLoader.defineClass(Ljava/lang/String;Ljdk/internal/loader/Resource;)Ljava/lang/Class; java.base@17.0.11 (121 bytes) @ 0x000001bacb06d3ac [0x000001bacb06c120+0x000000000000128c]
J 328 c1 jdk.internal.loader.BuiltinClassLoader.findClassOnClassPathOrNull(Ljava/lang/String;)Ljava/lang/Class; java.base@17.0.11 (64 bytes) @ 0x000001bacb02a27c [0x000001bacb029200+0x000000000000107c]
J 216 c1 jdk.internal.loader.BuiltinClassLoader.loadClassOrNull(Ljava/lang/String;Z)Ljava/lang/Class; java.base@17.0.11 (143 bytes) @ 0x000001bacaff6a04 [0x000001bacaff5b40+0x0000000000000ec4]
J 302 c1 jdk.internal.loader.ClassLoaders$AppClassLoader.loadClass(Ljava/lang/String;Z)Ljava/lang/Class; java.base@17.0.11 (40 bytes) @ 0x000001bacb014af4 [0x000001bacb0144e0+0x0000000000000614]
J 301 c1 java.lang.ClassLoader.loadClass(Ljava/lang/String;)Ljava/lang/Class; java.base@17.0.11 (7 bytes) @ 0x000001bacb01413c [0x000001bacb014040+0x00000000000000fc]
v  ~StubRoutines::call_stub
j  org.jetbrains.kotlin.com.intellij.openapi.util.ObjectTree.<init>()V+5
j  org.jetbrains.kotlin.com.intellij.openapi.util.Disposer.<clinit>()V+4
v  ~StubRoutines::call_stub
j  org.jetbrains.kotlin.cli.common.CLICompiler.execImpl(Lorg/jetbrains/kotlin/cli/common/messages/MessageCollector;Lorg/jetbrains/kotlin/config/Services;Lorg/jetbrains/kotlin/cli/common/arguments/CommonCompilerArguments;)Lorg/jetbrains/kotlin/cli/common/ExitCode;+196
j  org.jetbrains.kotlin.cli.common.CLICompiler.execImpl(Lorg/jetbrains/kotlin/cli/common/messages/MessageCollector;Lorg/jetbrains/kotlin/config/Services;Lorg/jetbrains/kotlin/cli/common/arguments/CommonToolArguments;)Lorg/jetbrains/kotlin/cli/common/ExitCode;+7
j  org.jetbrains.kotlin.cli.common.CLITool.exec(Lorg/jetbrains/kotlin/cli/common/messages/MessageCollector;Lorg/jetbrains/kotlin/config/Services;Lorg/jetbrains/kotlin/cli/common/arguments/CommonToolArguments;)Lorg/jetbrains/kotlin/cli/common/ExitCode;+76
j  org.jetbrains.kotlin.cli.common.CLITool.exec(Ljava/io/PrintStream;Lorg/jetbrains/kotlin/config/Services;Lorg/jetbrains/kotlin/cli/common/messages/MessageRenderer;[Ljava/lang/String;)Lorg/jetbrains/kotlin/cli/common/ExitCode;+239
j  org.jetbrains.kotlin.cli.common.CLITool.exec(Ljava/io/PrintStream;Lorg/jetbrains/kotlin/cli/common/messages/MessageRenderer;[Ljava/lang/String;)Lorg/jetbrains/kotlin/cli/common/ExitCode;+25
j  org.jetbrains.kotlin.cli.common.CLITool$Companion.doMainNoExit(Lorg/jetbrains/kotlin/cli/common/CLITool;[Ljava/lang/String;Lorg/jetbrains/kotlin/cli/common/messages/MessageRenderer;)Lorg/jetbrains/kotlin/cli/common/ExitCode;+39
j  org.jetbrains.kotlin.cli.common.CLITool$Companion.doMainNoExit$default(Lorg/jetbrains/kotlin/cli/common/CLITool$Companion;Lorg/jetbrains/kotlin/cli/common/CLITool;[Ljava/lang/String;Lorg/jetbrains/kotlin/cli/common/messages/MessageRenderer;ILjava/lang/Object;)Lorg/jetbrains/kotlin/cli/common/ExitCode;+16
j  org.jetbrains.kotlin.cli.common.CLITool$Companion.doMain(Lorg/jetbrains/kotlin/cli/common/CLITool;[Ljava/lang/String;)V+57
j  org.jetbrains.kotlin.cli.jvm.K2JVMCompiler$Companion.main([Ljava/lang/String;)V+20
j  org.jetbrains.kotlin.cli.jvm.K2JVMCompiler.main([Ljava/lang/String;)V+4
v  ~StubRoutines::call_stub

Compiled method (n/a)    1058  491     n 0       java.lang.ClassLoader::defineClass1 (native)
 total in heap  [0x000001bad2a9f090,0x000001bad2a9f568] = 1240
 relocation     [0x000001bad2a9f1e8,0x000001bad2a9f220] = 56
 main code      [0x000001bad2a9f220,0x000001bad2a9f568] = 840

[Constant Pool (empty)]

[MachCode]
[Entry Point]
  # {method} {0x000001bae2024f48} 'defineClass1' '(Ljava/lang/ClassLoader;Ljava/lang/String;[BIILjava/security/ProtectionDomain;Ljava/lang/String;)Ljava/lang/Class;' in 'java/lang/ClassLoader'
  # parm0:    rdx:rdx   = 'java/lang/ClassLoader'
  # parm1:    r8:r8     = 'java/lang/String'
  # parm2:    r9:r9     = '[B'
  # parm3:    rdi       = int
  # parm4:    rsi       = int
  # parm5:    rcx:rcx   = 'java/security/ProtectionDomain'
  # parm6:    [sp+0xa0]   = 'java/lang/String'  (sp of caller)
  0x000001bad2a9f220: 448b 5208 | 49c1 e203 | 493b c20f | 8407 0000 

  0x000001bad2a9f230: ;   {runtime_call ic_miss_stub}
  0x000001bad2a9f230: 00e9 4a23 | a9ff 6690 
[Verified Entry Point]
  0x000001bad2a9f238: 8984 2400 | 90ff ff55 | 488b ec48 | 81ec 9000 | 0000 4881 | 7d10 0000 | 0000 488d | 4510 480f 
  0x000001bad2a9f258: 4445 1048 | 8944 2440 | 4889 4c24 | 7048 83f9 | 0048 8d44 | 2470 480f | 4444 2470 | 4889 4424 
  0x000001bad2a9f278: 3848 8974 | 2430 4889 | 7c24 284c | 894c 2458 | 4983 f900 | 488d 4424 | 5848 0f44 | 4424 5848 
  0x000001bad2a9f298: 8944 2420 | 4c89 4424 | 5049 83f8 | 004c 8d4c | 2450 4c0f | 444c 2450 | 4889 5424 | 4848 83fa 
  0x000001bad2a9f2b8: 004c 8d44 | 2448 4c0f | 4444 2448 

  0x000001bad2a9f2c4: ;   {oop(a 'java/lang/Class'{0x00000000837fdf90} = 'java/lang/ClassLoader')}
  0x000001bad2a9f2c4: 49be 90df | 7f83 0000 | 0000 4c89 | 7424 784c | 8d74 2478 | 498b d6c5 

  0x000001bad2a9f2dc: ;   {internal_word}
  0x000001bad2a9f2dc: f877 49ba | dbf2 a9d2 | ba01 0000 | 4d89 97a0 | 0200 0049 | 89a7 9802 

  0x000001bad2a9f2f4: ;   {external_word}
  0x000001bad2a9f2f4: 0000 49ba | 683a ed57 | fb7f 0000 | 4180 3a00 | 0f84 5200 | 0000 5241 

  0x000001bad2a9f30c: ;   {metadata({method} {0x000001bae2024f48} 'defineClass1' '(Ljava/lang/ClassLoader;Ljava/lang/String;[BIILjava/security/ProtectionDomain;Ljava/lang/String;)Ljava/lang/Class;' in 'java/lang/ClassLoader')}
  0x000001bad2a9f30c: 5041 5148 | ba40 4f02 | e2ba 0100 | 0049 8bcf | 4883 ec20 | f7c4 0f00 | 0000 0f84 | 1a00 0000 
  0x000001bad2a9f32c: 4883 ec08 

  0x000001bad2a9f330: ;   {runtime_call}
  0x000001bad2a9f330: 49ba 30e4 | a257 fb7f | 0000 41ff | d248 83c4 | 08e9 0d00 

  0x000001bad2a9f344: ;   {runtime_call}
  0x000001bad2a9f344: 0000 49ba | 30e4 a257 | fb7f 0000 | 41ff d248 | 83c4 2041 | 5941 585a | 498d 8fb8 | 0200 0041 
  0x000001bad2a9f364: c787 4803 | 0000 0400 

  0x000001bad2a9f36c: ;   {runtime_call}
  0x000001bad2a9f36c: 0000 49ba | ac16 e4dd | fb7f 0000 | 41ff d2c5 | f877 41c7 | 8748 0300 | 0005 0000 | 00f0 8344 
  0x000001bad2a9f38c: 24c0 0049 | 3baf 5003 | 0000 0f87 | 1100 0000 | 4181 bf38 | 0300 0000 | 0000 000f | 842c 0000 
  0x000001bad2a9f3ac: 00c5 f877 | 4889 45f8 | 498b cf4c | 8be4 4883 | ec20 4883 

  0x000001bad2a9f3c0: ;   {runtime_call}
  0x000001bad2a9f3c0: e4f0 49ba | 00ff b257 | fb7f 0000 | 41ff d249 | 8be4 4d33 | e448 8b45 | f841 c787 | 4803 0000 
  0x000001bad2a9f3e0: 0800 0000 | 4181 bfb8 | 0300 0002 | 0000 000f | 843f 0100 

  0x000001bad2a9f3f4: ;   {external_word}
  0x000001bad2a9f3f4: 0049 ba68 | 3aed 57fb | 7f00 0041 | 803a 000f | 8450 0000 | 0048 8945 

  0x000001bad2a9f40c: ;   {metadata({method} {0x000001bae2024f48} 'defineClass1' '(Ljava/lang/ClassLoader;Ljava/lang/String;[BIILjava/security/ProtectionDomain;Ljava/lang/String;)Ljava/lang/Class;' in 'java/lang/ClassLoader')}
  0x000001bad2a9f40c: f848 ba40 | 4f02 e2ba | 0100 0049 | 8bcf 4883 | ec20 f7c4 | 0f00 0000 | 0f84 1a00 | 0000 4883 
  0x000001bad2a9f42c: ;   {runtime_call}
  0x000001bad2a9f42c: ec08 49ba | 30e4 a257 | fb7f 0000 | 41ff d248 | 83c4 08e9 | 0d00 0000 

  0x000001bad2a9f444: ;   {runtime_call}
  0x000001bad2a9f444: 49ba 30e4 | a257 fb7f | 0000 41ff | d248 83c4 | 2048 8b45 | f849 c787 | 9802 0000 | 0000 0000 
  0x000001bad2a9f464: 49c7 87a0 | 0200 0000 | 0000 00c5 | f877 4885 | c00f 8493 | 0000 0048 | f7c0 0100 | 0000 0f84 
  0x000001bad2a9f484: 8300 0000 | 488b 40ff | 4180 7f38 | 000f 846f | 0000 0048 | 83f8 000f | 8465 0000 | 0049 8b4f 
  0x000001bad2a9f4a4: 2048 83f9 | 000f 8414 | 0000 0048 | 83e9 0849 | 894f 2049 | 034f 3048 | 8901 e943 | 0000 0050 
  0x000001bad2a9f4c4: 498b d748 | 8bc8 4883 | ec20 f7c4 | 0f00 0000 | 0f84 1a00 | 0000 4883 

  0x000001bad2a9f4dc: ;   {runtime_call}
  0x000001bad2a9f4dc: ec08 49ba | e073 6157 | fb7f 0000 | 41ff d248 | 83c4 08e9 | 0d00 0000 

  0x000001bad2a9f4f4: ;   {runtime_call}
  0x000001bad2a9f4f4: 49ba e073 | 6157 fb7f | 0000 41ff | d248 83c4 | 2058 e903 | 0000 0048 | 8b00 498b | 8fd8 0000 
  0x000001bad2a9f514: 00c7 8100 | 0100 0000 | 0000 00c9 | 4981 7f08 | 0000 0000 | 0f85 0100 

  0x000001bad2a9f52c: ;   {runtime_call StubRoutines (1)}
  0x000001bad2a9f52c: 0000 c3e9 | cc19 a4ff | c5f8 7748 | 8945 f84c | 8be4 4883 | ec20 4883 

  0x000001bad2a9f544: ;   {runtime_call}
  0x000001bad2a9f544: e4f0 49ba | b014 a357 | fb7f 0000 | 41ff d249 | 8be4 4d33 | e448 8b45 | f8e9 93fe | ffff f4f4 
  0x000001bad2a9f564: f4f4 f4f4 
[/MachCode]


Compiled method (c1)    1064  488       3       java.lang.ClassLoader::defineClass (43 bytes)
 total in heap  [0x000001bacb08c890,0x000001bacb08d1c8] = 2360
 relocation     [0x000001bacb08c9e8,0x000001bacb08ca78] = 144
 main code      [0x000001bacb08ca80,0x000001bacb08cf00] = 1152
 stub code      [0x000001bacb08cf00,0x000001bacb08cf78] = 120
 metadata       [0x000001bacb08cf78,0x000001bacb08cfb8] = 64
 scopes data    [0x000001bacb08cfb8,0x000001bacb08d0a8] = 240
 scopes pcs     [0x000001bacb08d0a8,0x000001bacb08d188] = 224
 dependencies   [0x000001bacb08d188,0x000001bacb08d1a0] = 24
 nul chk table  [0x000001bacb08d1a0,0x000001bacb08d1c8] = 40

[Constant Pool (empty)]

[MachCode]
[Entry Point]
  # {method} {0x000001bae2024d28} 'defineClass' '(Ljava/lang/String;[BIILjava/security/ProtectionDomain;)Ljava/lang/Class;' in 'java/lang/ClassLoader'
  # this:     rdx:rdx   = 'java/lang/ClassLoader'
  # parm0:    r8:r8     = 'java/lang/String'
  # parm1:    r9:r9     = '[B'
  # parm2:    rdi       = int
  # parm3:    rsi       = int
  # parm4:    rcx:rcx   = 'java/security/ProtectionDomain'
  #           [sp+0xc0]  (sp of caller)
  0x000001bacb08ca80: 448b 5208 | 49c1 e203 

  0x000001bacb08ca88: ;   {runtime_call ic_miss_stub}
  0x000001bacb08ca88: 4c3b d00f | 85ef 4a4a | 0766 6666 | 0f1f 8400 | 0000 0000 | 6666 6690 
[Verified Entry Point]
  0x000001bacb08caa0: 8984 2400 | 90ff ff55 | 4881 ecb0 | 0000 0048 | 8954 2478 

  0x000001bacb08cab4: ;   {metadata(method data for {method} {0x000001bae2024d28} 'defineClass' '(Ljava/lang/String;[BIILjava/security/ProtectionDomain;)Ljava/lang/Class;' in 'java/lang/ClassLoader')}
  0x000001bacb08cab4: 48bb c069 | 7fe2 ba01 | 0000 8b83 | cc00 0000 | 83c0 0289 | 83cc 0000 | 0081 e0fe | 0700 0083 
  0x000001bacb08cad4: f800 0f84 | 3e03 0000 | 89b4 2494 | 0000 0089 | bc24 9000 | 0000 4c89 | 8c24 8800 | 0000 488b 
  0x000001bacb08caf4: ;   {metadata(method data for {method} {0x000001bae2024d28} 'defineClass' '(Ljava/lang/String;[BIILjava/security/ProtectionDomain;)Ljava/lang/Class;' in 'java/lang/ClassLoader')}
  0x000001bacb08caf4: da48 b8c0 | 697f e2ba | 0100 0048 | 8380 1001 | 0000 0149 | 8bd8 4c8b | c34c 8bc9 | 488b ca48 
  0x000001bacb08cb14: 8bd1 4889 | 9c24 8000 

  0x000001bacb08cb1c: ;   {optimized virtual_call}
  0x000001bacb08cb1c: 0000 90e8 

  0x000001bacb08cb20: ; ImmutableOopMap {[120]=Oop [136]=Oop [128]=Oop }
                      ;*invokevirtual preDefineClass {reexecute=0 rethrow=0 return_oop=0}
                      ; - java.lang.ClassLoader::defineClass@4 (line 1015)
  0x000001bacb08cb20: fcc4 0000 | 4889 8424 | 9800 0000 | 488b 5424 

  0x000001bacb08cb30: ;   {metadata(method data for {method} {0x000001bae2024d28} 'defineClass' '(Ljava/lang/String;[BIILjava/security/ProtectionDomain;)Ljava/lang/Class;' in 'java/lang/ClassLoader')}
  0x000001bacb08cb30: 7849 b8c0 | 697f e2ba | 0100 0049 | 8380 4801 

  0x000001bacb08cb40: ;   {metadata(method data for {method} {0x000001bae2024af0} 'defineClassSourceLocation' '(Ljava/security/ProtectionDomain;)Ljava/lang/String;' in 'java/lang/ClassLoader')}
  0x000001bacb08cb40: 0000 0149 | b810 bd7f | e2ba 0100 | 0041 8b90 | cc00 0000 | 83c2 0241 | 8990 cc00 | 0000 81e2 
  0x000001bacb08cb60: feff 1f00 | 83fa 000f | 84ce 0200 | 0048 3b00 

  0x000001bacb08cb70: ;   {metadata(method data for {method} {0x000001bae2024af0} 'defineClassSourceLocation' '(Ljava/security/ProtectionDomain;)Ljava/lang/String;' in 'java/lang/ClassLoader')}
  0x000001bacb08cb70: 4c8b c048 | ba10 bd7f | e2ba 0100 | 0048 8382 | 1001 0000 | 0144 8b40 | 1049 83f8 

  0x000001bacb08cb8c: ;   {metadata(method data for {method} {0x000001bae2024af0} 'defineClassSourceLocation' '(Ljava/security/ProtectionDomain;)Ljava/lang/String;' in 'java/lang/ClassLoader')}
  0x000001bacb08cb8c: 0048 ba10 | bd7f e2ba | 0100 0048 | be58 0100 | 0000 0000 | 000f 850a | 0000 0048 | be48 0100 
  0x000001bacb08cbac: 0000 0000 | 0048 8b3c | 3248 8d7f | 0148 893c | 320f 850f 

  0x000001bacb08cbc0: ;   {oop(NULL)}
  0x000001bacb08cbc0: 0000 0048 | bb00 0000 | 0000 0000 | 00e9 9d01 | 0000 493b | 0049 8bd0 

  0x000001bacb08cbd8: ;   {metadata(method data for {method} {0x000001bae2024af0} 'defineClassSourceLocation' '(Ljava/security/ProtectionDomain;)Ljava/lang/String;' in 'java/lang/ClassLoader')}
  0x000001bacb08cbd8: 48be 10bd | 7fe2 ba01 | 0000 4883 | 8668 0100 | 0001 418b | 500c 4883 

  0x000001bacb08cbf0: ;   {metadata(method data for {method} {0x000001bae2024af0} 'defineClassSourceLocation' '(Ljava/security/ProtectionDomain;)Ljava/lang/String;' in 'java/lang/ClassLoader')}
  0x000001bacb08cbf0: fa00 48be | 10bd 7fe2 | ba01 0000 | 48bf b001 | 0000 0000 | 0000 0f85 | 0a00 0000 | 48bf a001 
  0x000001bacb08cc10: 0000 0000 | 0000 488b | 1c3e 488d | 5b01 4889 | 1c3e 0f85 | 0f00 0000 

  0x000001bacb08cc28: ;   {oop(NULL)}
  0x000001bacb08cc28: 48bb 0000 | 0000 0000 | 0000 e938 

  0x000001bacb08cc34: ;   {metadata(method data for {method} {0x000001bae2024af0} 'defineClassSourceLocation' '(Ljava/security/ProtectionDomain;)Ljava/lang/String;' in 'java/lang/ClassLoader')}
  0x000001bacb08cc34: 0100 0048 | be10 bd7f | e2ba 0100 | 0048 8386 | c001 0000 | 0148 3b02 

  0x000001bacb08cc4c: ;   {metadata(method data for {method} {0x000001bae2024af0} 'defineClassSourceLocation' '(Ljava/security/ProtectionDomain;)Ljava/lang/String;' in 'java/lang/ClassLoader')}
  0x000001bacb08cc4c: 4c8b c248 | be10 bd7f | e2ba 0100 | 0048 8386 | f801 0000 

  0x000001bacb08cc60: ;   {metadata(method data for {method} {0x000001bae20e87f8} 'toString' '()Ljava/lang/String;' in 'java/net/URL')}
  0x000001bacb08cc60: 0149 b828 | f579 e2ba | 0100 0041 | 8bb0 cc00 | 0000 83c6 | 0241 89b0 | cc00 0000 | 81e6 feff 
  0x000001bacb08cc80: 1f00 83fe | 000f 84e0 | 0100 004c 

  0x000001bacb08cc8c: ;   {metadata(method data for {method} {0x000001bae20e87f8} 'toString' '()Ljava/lang/String;' in 'java/net/URL')}
  0x000001bacb08cc8c: 8bc2 48be | 28f5 79e2 | ba01 0000 | 4883 8610 | 0100 0001 

  0x000001bacb08cca0: ;   {metadata(method data for {method} {0x000001bae20e88b0} 'toExternalForm' '()Ljava/lang/String;' in 'java/net/URL')}
  0x000001bacb08cca0: 49b8 20fa | 79e2 ba01 | 0000 418b | b0cc 0000 | 0083 c602 | 4189 b0cc | 0000 0081 | e6fe ff1f 
  0x000001bacb08ccc0: 0083 fe00 | 0f84 c201 | 0000 8b72 | 3848 3b06 

  0x000001bacb08ccd0: ;   {metadata(method data for {method} {0x000001bae20e88b0} 'toExternalForm' '()Ljava/lang/String;' in 'java/net/URL')}
  0x000001bacb08ccd0: 4c8b c648 | bf20 fa79 | e2ba 0100 | 0045 8b40 | 0849 c1e0 | 034c 3b87 | 2001 0000 | 750d 4883 
  0x000001bacb08ccf0: 8728 0100 | 0001 e966 | 0000 004c | 3b87 3001 | 0000 750d | 4883 8738 | 0100 0001 | e950 0000 
  0x000001bacb08cd10: 0048 81bf | 2001 0000 | 0000 0000 | 7517 4c89 | 8720 0100 | 0048 c787 | 2801 0000 | 0100 0000 
  0x000001bacb08cd30: e92c 0000 | 0048 81bf | 3001 0000 | 0000 0000 | 7517 4c89 | 8730 0100 | 0048 c787 | 3801 0000 
  0x000001bacb08cd50: 0100 0000 | e908 0000 | 0048 8387 | 1001 0000 | 014c 8bc2 

  0x000001bacb08cd64: ;   {optimized virtual_call}
  0x000001bacb08cd64: 488b d6e8 

  0x000001bacb08cd68: ; ImmutableOopMap {[120]=Oop [136]=Oop [128]=Oop [152]=Oop }
                      ;*invokevirtual toExternalForm {reexecute=0 rethrow=0 return_oop=0}
                      ; - java.net.URL::toExternalForm@5 (line 1039)
                      ; - java.net.URL::toString@1 (line 1025)
                      ; - java.lang.ClassLoader::defineClassSourceLocation@22 (line 917)
                      ; - java.lang.ClassLoader::defineClass@12 (line 1016)
  0x000001bacb08cd68: d486 feff | 488b d848 | 8b84 2498 | 0000 008b | b424 9400 | 0000 8bbc | 2490 0000 | 004c 8b8c 
  0x000001bacb08cd88: 2488 0000 | 004c 8b84 | 2480 0000 | 0048 8b54 

  0x000001bacb08cd98: ;   {metadata(method data for {method} {0x000001bae2024d28} 'defineClass' '(Ljava/lang/String;[BIILjava/security/ProtectionDomain;)Ljava/lang/Class;' in 'java/lang/ClassLoader')}
  0x000001bacb08cd98: 2478 48b9 | c069 7fe2 | ba01 0000 | 4883 8180 | 0100 0001 | 4c8b da49 | 8bd3 488b | c848 891c 
  0x000001bacb08cdb8: 2466 0f1f 

  0x000001bacb08cdbc: ;   {static_call}
  0x000001bacb08cdbc: 4400 00e8 

  0x000001bacb08cdc0: ; ImmutableOopMap {[152]=Oop [120]=Oop }
                      ;*invokestatic defineClass1 {reexecute=0 rethrow=0 return_oop=0}
                      ; - java.lang.ClassLoader::defineClass@27 (line 1017)
  0x000001bacb08cdc0: 7424 a107 | 488b 5424 

  0x000001bacb08cdc8: ;   {metadata(method data for {method} {0x000001bae2024d28} 'defineClass' '(Ljava/lang/String;[BIILjava/security/ProtectionDomain;)Ljava/lang/Class;' in 'java/lang/ClassLoader')}
  0x000001bacb08cdc8: 7849 b8c0 | 697f e2ba | 0100 0049 | 8380 9001 | 0000 014c | 8bc0 4c8b | 8c24 9800 | 0000 488b 
  0x000001bacb08cde8: 5424 7848 | 8984 24a0 | 0000 000f 

  0x000001bacb08cdf4: ;   {optimized virtual_call}
  0x000001bacb08cdf4: 1f40 00e8 

  0x000001bacb08cdf8: ; ImmutableOopMap {[160]=Oop }
                      ;*invokevirtual postDefineClass {reexecute=0 rethrow=0 return_oop=0}
                      ; - java.lang.ClassLoader::defineClass@37 (line 1018)
  0x000001bacb08cdf8: a4dd 0000 | 488b 8424 | a000 0000 | 4881 c4b0 | 0000 005d 

  0x000001bacb08ce0c: ;   {poll_return}
  0x000001bacb08ce0c: 493b a750 | 0300 000f | 8799 0000 

  0x000001bacb08ce18: ;   {metadata({method} {0x000001bae2024d28} 'defineClass' '(Ljava/lang/String;[BIILjava/security/ProtectionDomain;)Ljava/lang/Class;' in 'java/lang/ClassLoader')}
  0x000001bacb08ce18: 00c3 49ba | 204d 02e2 | ba01 0000 | 4c89 5424 | 0848 c704 | 24ff ffff 

  0x000001bacb08ce30: ;   {runtime_call counter_overflow Runtime1 stub}
  0x000001bacb08ce30: ffe8 4afa 

  0x000001bacb08ce34: ; ImmutableOopMap {rdx=Oop [120]=Oop r8=Oop r9=Oop rcx=Oop }
                      ;*synchronization entry
                      ; - java.lang.ClassLoader::defineClass@-1 (line 1015)
  0x000001bacb08ce34: 5407 e9a1 

  0x000001bacb08ce38: ;   {metadata({method} {0x000001bae2024af0} 'defineClassSourceLocation' '(Ljava/security/ProtectionDomain;)Ljava/lang/String;' in 'java/lang/ClassLoader')}
  0x000001bacb08ce38: fcff ff49 | bae8 4a02 | e2ba 0100 | 004c 8954 | 2408 48c7 | 0424 ffff 

  0x000001bacb08ce50: ;   {runtime_call counter_overflow Runtime1 stub}
  0x000001bacb08ce50: ffff e829 

  0x000001bacb08ce54: ; ImmutableOopMap {[120]=Oop [136]=Oop [128]=Oop rax=Oop [152]=Oop }
                      ;*synchronization entry
                      ; - java.lang.ClassLoader::defineClassSourceLocation@-1 (line 914)
                      ; - java.lang.ClassLoader::defineClass@12 (line 1016)
  0x000001bacb08ce54: fa54 07e9 | 11fd ffff 

  0x000001bacb08ce5c: ;   {runtime_call throw_null_pointer_exception Runtime1 stub}
  0x000001bacb08ce5c: e8bf 9754 

  0x000001bacb08ce60: ; ImmutableOopMap {[120]=Oop [136]=Oop [128]=Oop rax=Oop [152]=Oop }
                      ;*invokevirtual getCodeSource {reexecute=0 rethrow=0 return_oop=0}
                      ; - java.lang.ClassLoader::defineClassSourceLocation@1 (line 914)
                      ; - java.lang.ClassLoader::defineClass@12 (line 1016)
                      ;   {runtime_call throw_null_pointer_exception Runtime1 stub}
  0x000001bacb08ce60: 07e8 ba97 

  0x000001bacb08ce64: ; ImmutableOopMap {[120]=Oop [136]=Oop [128]=Oop rax=Oop [152]=Oop r8=Oop }
                      ;*invokevirtual getLocation {reexecute=0 rethrow=0 return_oop=0}
                      ; - java.lang.ClassLoader::defineClassSourceLocation@12 (line 916)
                      ; - java.lang.ClassLoader::defineClass@12 (line 1016)
                      ;   {runtime_call throw_null_pointer_exception Runtime1 stub}
  0x000001bacb08ce64: 5407 e8b5 

  0x000001bacb08ce68: ; ImmutableOopMap {[120]=Oop [136]=Oop [128]=Oop [152]=Oop rdx=Oop }
                      ;*invokevirtual toString {reexecute=0 rethrow=0 return_oop=0}
                      ; - java.lang.ClassLoader::defineClassSourceLocation@22 (line 917)
                      ; - java.lang.ClassLoader::defineClass@12 (line 1016)
                      ;   {metadata({method} {0x000001bae20e87f8} 'toString' '()Ljava/lang/String;' in 'java/net/URL')}
  0x000001bacb08ce68: 9754 0749 | baf0 870e | e2ba 0100 | 004c 8954 | 2408 48c7 | 0424 ffff 

  0x000001bacb08ce80: ;   {runtime_call counter_overflow Runtime1 stub}
  0x000001bacb08ce80: ffff e8f9 

  0x000001bacb08ce84: ; ImmutableOopMap {[120]=Oop [136]=Oop [128]=Oop [152]=Oop rdx=Oop }
                      ;*synchronization entry
                      ; - java.net.URL::toString@-1 (line 1025)
                      ; - java.lang.ClassLoader::defineClassSourceLocation@22 (line 917)
                      ; - java.lang.ClassLoader::defineClass@12 (line 1016)
  0x000001bacb08ce84: f954 07e9 | fffd ffff 

  0x000001bacb08ce8c: ;   {metadata({method} {0x000001bae20e88b0} 'toExternalForm' '()Ljava/lang/String;' in 'java/net/URL')}
  0x000001bacb08ce8c: 49ba a888 | 0ee2 ba01 | 0000 4c89 | 5424 0848 | c704 24ff 

  0x000001bacb08cea0: ;   {runtime_call counter_overflow Runtime1 stub}
  0x000001bacb08cea0: ffff ffe8 

  0x000001bacb08cea4: ; ImmutableOopMap {[120]=Oop [136]=Oop [128]=Oop [152]=Oop rdx=Oop }
                      ;*synchronization entry
                      ; - java.net.URL::toExternalForm@-1 (line 1039)
                      ; - java.net.URL::toString@1 (line 1025)
                      ; - java.lang.ClassLoader::defineClassSourceLocation@22 (line 917)
                      ; - java.lang.ClassLoader::defineClass@12 (line 1016)
  0x000001bacb08cea4: d8f9 5407 | e91d feff 

  0x000001bacb08ceac: ;   {runtime_call throw_null_pointer_exception Runtime1 stub}
  0x000001bacb08ceac: ffe8 6e97 

  0x000001bacb08ceb0: ; ImmutableOopMap {[120]=Oop [136]=Oop [128]=Oop [152]=Oop rdx=Oop rsi=Oop }
                      ;*invokevirtual toExternalForm {reexecute=0 rethrow=0 return_oop=0}
                      ; - java.net.URL::toExternalForm@5 (line 1039)
                      ; - java.net.URL::toString@1 (line 1025)
                      ; - java.lang.ClassLoader::defineClassSourceLocation@22 (line 917)
                      ; - java.lang.ClassLoader::defineClass@12 (line 1016)
                      ;   {internal_word}
  0x000001bacb08ceb0: 5407 49ba | 0cce 08cb | ba01 0000 | 4d89 9768 

  0x000001bacb08cec0: ;   {runtime_call SafepointBlob}
  0x000001bacb08cec0: 0300 00e9 | b8c0 4a07 | 9090 498b | 87e0 0300 | 0049 c787 | e003 0000 | 0000 0000 | 49c7 87e8 
  0x000001bacb08cee0: 0300 0000 | 0000 0048 | 81c4 b000 

  0x000001bacb08ceec: ;   {runtime_call unwind_exception Runtime1 stub}
  0x000001bacb08ceec: 0000 5de9 | 0cb7 4b07 | f4f4 f4f4 | f4f4 f4f4 | f4f4 f4f4 
[Stub Code]
  0x000001bacb08cf00: ;   {no_reloc}
  0x000001bacb08cf00: 0f1f 4400 

  0x000001bacb08cf04: ;   {static_stub}
  0x000001bacb08cf04: 0048 bbf8 | 4902 e2ba 

  0x000001bacb08cf0c: ;   {runtime_call I2C/C2I adapters}
  0x000001bacb08cf0c: 0100 00e9 | 44cf 4a07 

  0x000001bacb08cf14: ;   {static_stub}
  0x000001bacb08cf14: 9048 bb00 | 0000 0000 

  0x000001bacb08cf1c: ;   {runtime_call}
  0x000001bacb08cf1c: 0000 00e9 | fbff ffff 

  0x000001bacb08cf24: ;   {static_stub}
  0x000001bacb08cf24: 9048 bb40 | 4f02 e2ba 

  0x000001bacb08cf2c: ;   {runtime_call I2C/C2I adapters}
  0x000001bacb08cf2c: 0100 00e9 | bbc8 4907 

  0x000001bacb08cf34: ;   {static_stub}
  0x000001bacb08cf34: 9048 bbe8 | 4b02 e2ba 

  0x000001bacb08cf3c: ;   {runtime_call I2C/C2I adapters}
  0x000001bacb08cf3c: 0100 00e9 | 14cf 4a07 
[Exception Handler]
  0x000001bacb08cf44: ;   {runtime_call handle_exception_from_callee Runtime1 stub}
  0x000001bacb08cf44: e8b7 bc54 

  0x000001bacb08cf48: ;   {external_word}
  0x000001bacb08cf48: 0748 b9e0 | 6dc7 57fb | 7f00 0048 

  0x000001bacb08cf54: ;   {runtime_call}
  0x000001bacb08cf54: 83e4 f049 | ba30 ce8f | 57fb 7f00 | 0041 ffd2 

  0x000001bacb08cf64: ;   {section_word}
  0x000001bacb08cf64: f449 ba65 | cf08 cbba | 0100 0041 

  0x000001bacb08cf70: ;   {runtime_call DeoptimizationBlob}
  0x000001bacb08cf70: 52e9 aad4 | 4a07 f4f4 
[/MachCode]


Compiled method (c1)    1075  442       3       java.security.SecureClassLoader::defineClass (16 bytes)
 total in heap  [0x000001bacb073190,0x000001bacb073580] = 1008
 relocation     [0x000001bacb0732e8,0x000001bacb073330] = 72
 main code      [0x000001bacb073340,0x000001bacb073480] = 320
 stub code      [0x000001bacb073480,0x000001bacb0734d8] = 88
 metadata       [0x000001bacb0734d8,0x000001bacb0734e0] = 8
 scopes data    [0x000001bacb0734e0,0x000001bacb073528] = 72
 scopes pcs     [0x000001bacb073528,0x000001bacb073578] = 80
 dependencies   [0x000001bacb073578,0x000001bacb073580] = 8

[Constant Pool (empty)]

[MachCode]
[Entry Point]
  # {method} {0x000001bae203da78} 'defineClass' '(Ljava/lang/String;[BIILjava/security/CodeSource;)Ljava/lang/Class;' in 'java/security/SecureClassLoader'
  # this:     rdx:rdx   = 'java/security/SecureClassLoader'
  # parm0:    r8:r8     = 'java/lang/String'
  # parm1:    r9:r9     = '[B'
  # parm2:    rdi       = int
  # parm3:    rsi       = int
  # parm4:    rcx:rcx   = 'java/security/CodeSource'
  #           [sp+0x80]  (sp of caller)
  0x000001bacb073340: 448b 5208 | 49c1 e203 

  0x000001bacb073348: ;   {runtime_call ic_miss_stub}
  0x000001bacb073348: 4c3b d00f | 852f e24b | 0766 6666 | 0f1f 8400 | 0000 0000 | 6666 6690 
[Verified Entry Point]
  0x000001bacb073360: 8984 2400 | 90ff ff55 | 4883 ec70 

  0x000001bacb07336c: ;   {metadata(method data for {method} {0x000001bae203da78} 'defineClass' '(Ljava/lang/String;[BIILjava/security/CodeSource;)Ljava/lang/Class;' in 'java/security/SecureClassLoader')}
  0x000001bacb07336c: 48bb 20e0 | 79e2 ba01 | 0000 8b83 | cc00 0000 | 83c0 0289 | 83cc 0000 | 0081 e0fe | 0700 0083 
  0x000001bacb07338c: f800 0f84 | 8b00 0000 | 8974 245c | 897c 2458 | 4c89 4c24 | 504c 8944 | 2448 488b 

  0x000001bacb0733a8: ;   {metadata(method data for {method} {0x000001bae203da78} 'defineClass' '(Ljava/lang/String;[BIILjava/security/CodeSource;)Ljava/lang/Class;' in 'java/security/SecureClassLoader')}
  0x000001bacb0733a8: da48 b820 | e079 e2ba | 0100 0048 | 8380 1001 | 0000 014c | 8bc1 488b | c248 8bd0 | 4889 4424 
  0x000001bacb0733c8: 4066 0f1f 

  0x000001bacb0733cc: ;   {optimized virtual_call}
  0x000001bacb0733cc: 4400 00e8 

  0x000001bacb0733d0: ; ImmutableOopMap {[80]=Oop [64]=Oop [72]=Oop }
                      ;*invokevirtual getProtectionDomain {reexecute=0 rethrow=0 return_oop=0}
                      ; - java.security.SecureClassLoader::defineClass@9 (line 150)
  0x000001bacb0733d0: cc8c 0100 | 488b 5424 

  0x000001bacb0733d8: ;   {metadata(method data for {method} {0x000001bae203da78} 'defineClass' '(Ljava/lang/String;[BIILjava/security/CodeSource;)Ljava/lang/Class;' in 'java/security/SecureClassLoader')}
  0x000001bacb0733d8: 4049 b820 | e079 e2ba | 0100 0049 | 8380 4801 | 0000 014c | 8b44 2448 | 4c8b 4c24 | 508b 7c24 
  0x000001bacb0733f8: 588b 7424 | 5c48 8bc8 | 488b 5424 

  0x000001bacb073404: ;   {optimized virtual_call}
  0x000001bacb073404: 4066 90e8 

  0x000001bacb073408: ; ImmutableOopMap {}
                      ;*invokevirtual defineClass {reexecute=0 rethrow=0 return_oop=0}
                      ; - java.security.SecureClassLoader::defineClass@12 (line 150)
  0x000001bacb073408: 9496 0100 | 4883 c470 

  0x000001bacb073410: ;   {poll_return}
  0x000001bacb073410: 5d49 3ba7 | 5003 0000 | 0f87 2200 

  0x000001bacb07341c: ;   {metadata({method} {0x000001bae203da78} 'defineClass' '(Ljava/lang/String;[BIILjava/security/CodeSource;)Ljava/lang/Class;' in 'java/security/SecureClassLoader')}
  0x000001bacb07341c: 0000 c349 | ba70 da03 | e2ba 0100 | 004c 8954 | 2408 48c7 | 0424 ffff 

  0x000001bacb073434: ;   {runtime_call counter_overflow Runtime1 stub}
  0x000001bacb073434: ffff e845 

  0x000001bacb073438: ; ImmutableOopMap {rdx=Oop r8=Oop r9=Oop rcx=Oop }
                      ;*synchronization entry
                      ; - java.security.SecureClassLoader::defineClass@-1 (line 150)
  0x000001bacb073438: 9456 07e9 | 54ff ffff 

  0x000001bacb073440: ;   {internal_word}
  0x000001bacb073440: 49ba 1134 | 07cb ba01 | 0000 4d89 | 9768 0300 

  0x000001bacb073450: ;   {runtime_call SafepointBlob}
  0x000001bacb073450: 00e9 2a5b | 4c07 9090 | 498b 87e0 | 0300 0049 | c787 e003 | 0000 0000 | 0000 49c7 | 87e8 0300 
  0x000001bacb073470: 0000 0000 | 0048 83c4 

  0x000001bacb073478: ;   {runtime_call unwind_exception Runtime1 stub}
  0x000001bacb073478: 705d e981 | 514d 07f4 
[Stub Code]
  0x000001bacb073480: ;   {no_reloc}
  0x000001bacb073480: 0f1f 4400 

  0x000001bacb073484: ;   {static_stub}
  0x000001bacb073484: 0048 bb00 | dd03 e2ba 

  0x000001bacb07348c: ;   {runtime_call I2C/C2I adapters}
  0x000001bacb07348c: 0100 00e9 | c040 4c07 

  0x000001bacb073494: ;   {static_stub}
  0x000001bacb073494: 9048 bb20 | 4d02 e2ba 

  0x000001bacb07349c: ;   {runtime_call I2C/C2I adapters}
  0x000001bacb07349c: 0100 00e9 | 3e4b 4b07 
[Exception Handler]
  0x000001bacb0734a4: ;   {runtime_call handle_exception_from_callee Runtime1 stub}
  0x000001bacb0734a4: e857 5756 

  0x000001bacb0734a8: ;   {external_word}
  0x000001bacb0734a8: 0748 b9e0 | 6dc7 57fb | 7f00 0048 

  0x000001bacb0734b4: ;   {runtime_call}
  0x000001bacb0734b4: 83e4 f049 | ba30 ce8f | 57fb 7f00 | 0041 ffd2 

  0x000001bacb0734c4: ;   {section_word}
  0x000001bacb0734c4: f449 bac5 | 3407 cbba | 0100 0041 

  0x000001bacb0734d0: ;   {runtime_call DeoptimizationBlob}
  0x000001bacb0734d0: 52e9 4a6f | 4c07 f4f4 
[/MachCode]


---------------  P R O C E S S  ---------------

Threads class SMR info:
_java_thread_list=0x000001bae11fb4a0, length=12, elements={
0x000001bac7ad9b00, 0x000001bae1073260, 0x000001bae0f11030, 0x000001bae0f2c0c0,
0x000001bae0f2cc80, 0x000001bae0f2d640, 0x000001bae0f2e000, 0x000001bae109c050,
0x000001bae109fe60, 0x000001bae1111490, 0x000001bae121dd40, 0x000001bae1220a90
}

Java Threads: ( => current thread )
=>0x000001bac7ad9b00 JavaThread "main" [_thread_in_vm, id=25968, stack(0x000000027fb00000,0x000000027fc00000)]
  0x000001bae1073260 JavaThread "Reference Handler" daemon [_thread_blocked, id=26104, stack(0x0000000200200000,0x0000000200300000)]
  0x000001bae0f11030 JavaThread "Finalizer" daemon [_thread_blocked, id=14988, stack(0x0000000200300000,0x0000000200400000)]
  0x000001bae0f2c0c0 JavaThread "Signal Dispatcher" daemon [_thread_blocked, id=21164, stack(0x0000000200400000,0x0000000200500000)]
  0x000001bae0f2cc80 JavaThread "Attach Listener" daemon [_thread_blocked, id=6432, stack(0x0000000200500000,0x0000000200600000)]
  0x000001bae0f2d640 JavaThread "Service Thread" daemon [_thread_blocked, id=11884, stack(0x0000000200600000,0x0000000200700000)]
  0x000001bae0f2e000 JavaThread "Monitor Deflation Thread" daemon [_thread_blocked, id=14644, stack(0x0000000200700000,0x0000000200800000)]
  0x000001bae109c050 JavaThread "C2 CompilerThread0" daemon [_thread_blocked, id=24432, stack(0x0000000200800000,0x0000000200900000)]
  0x000001bae109fe60 JavaThread "C1 CompilerThread0" daemon [_thread_blocked, id=5108, stack(0x0000000200900000,0x0000000200a00000)]
  0x000001bae1111490 JavaThread "Sweeper thread" daemon [_thread_blocked, id=24932, stack(0x0000000200a00000,0x0000000200b00000)]
  0x000001bae121dd40 JavaThread "Notification Thread" daemon [_thread_blocked, id=22656, stack(0x0000000200b00000,0x0000000200c00000)]
  0x000001bae1220a90 JavaThread "Common-Cleaner" daemon [_thread_blocked, id=25892, stack(0x0000000200d00000,0x0000000200e00000)]

Other Threads:
  0x000001bae0ef7790 VMThread "VM Thread" [stack: 0x0000000200100000,0x0000000200200000] [id=18448]
  0x000001bae1220640 WatcherThread [stack: 0x0000000200c00000,0x0000000200d00000] [id=14076]
  0x000001bac7b36900 GCTaskThread "GC Thread#0" [stack: 0x000000027fc00000,0x000000027fd00000] [id=24760]
  0x000001bae172f210 GCTaskThread "GC Thread#1" [stack: 0x0000000200e00000,0x0000000200f00000] [id=26308]
  0x000001bae171a580 GCTaskThread "GC Thread#2" [stack: 0x0000000200f00000,0x0000000201000000] [id=11320]
  0x000001bae17a7c20 GCTaskThread "GC Thread#3" [stack: 0x0000000201000000,0x0000000201100000] [id=17744]
  0x000001bac7b47210 ConcurrentGCThread "G1 Main Marker" [stack: 0x000000027fd00000,0x000000027fe00000] [id=8636]
  0x000001bac7b47c30 ConcurrentGCThread "G1 Conc#0" [stack: 0x000000027fe00000,0x000000027ff00000] [id=15052]
  0x000001bae0d624c0 ConcurrentGCThread "G1 Refine#0" [stack: 0x000000027ff00000,0x0000000280000000] [id=12024]
  0x000001bae0d62ef0 ConcurrentGCThread "G1 Service" [stack: 0x0000000200000000,0x0000000200100000] [id=21340]

Threads with active compile tasks:

VM state: not at safepoint (normal execution)

VM Mutex/Monitor currently owned by a thread:  ([mutex/lock_event])
[0x000001bac7ad3f80] Metaspace_lock - owner thread: 0x000001bac7ad9b00

Heap address: 0x0000000083200000, size: 1998 MB, Compressed Oops mode: 32-bit

CDS archive(s) not mapped
Compressed class space mapped at: 0x0000000100000000-0x0000000140000000, reserved size: 1073741824
Narrow klass base: 0x0000000000000000, Narrow klass shift: 3, Narrow klass range: 0x140000000

GC Precious Log:
 CPUs: 4 total, 4 available
 Memory: 7991M
 Large Page Support: Disabled
 NUMA Support: Disabled
 Compressed Oops: Enabled (32-bit)
 Heap Region Size: 1M
 Heap Min Capacity: 8M
 Heap Initial Capacity: 126M
 Heap Max Capacity: 1998M
 Pre-touch: Disabled
 Parallel Workers: 4
 Concurrent Workers: 1
 Concurrent Refinement Workers: 4
 Periodic GC: Disabled

Heap:
 garbage-first heap   total 129024K, used 22200K [0x0000000083200000, 0x0000000100000000)
  region size 1024K, 17 young (17408K), 2 survivors (2048K)
 Metaspace       used 18052K, committed 18240K, reserved 1114112K
  class space    used 1857K, committed 1984K, reserved 1048576K

Heap Regions: E=young(eden), S=young(survivor), O=old, HS=humongous(starts), HC=humongous(continues), CS=collection set, F=free, OA=open archive, CA=closed archive, TAMS=top-at-mark-start (previous, next)
|   0|0x0000000083200000, 0x0000000083300000, 0x0000000083300000|100%|HS|  |TAMS 0x0000000083200000, 0x0000000083200000| Complete 
|   1|0x0000000083300000, 0x0000000083400000, 0x0000000083400000|100%|HC|  |TAMS 0x0000000083300000, 0x0000000083300000| Complete 
|   2|0x0000000083400000, 0x0000000083500000, 0x0000000083500000|100%|HC|  |TAMS 0x0000000083400000, 0x0000000083400000| Complete 
|   3|0x0000000083500000, 0x0000000083600000, 0x0000000083600000|100%|HC|  |TAMS 0x0000000083500000, 0x0000000083500000| Complete 
|   4|0x0000000083600000, 0x00000000836f3e00, 0x0000000083700000| 95%| O|  |TAMS 0x0000000083600000, 0x0000000083600000| Untracked 
|   5|0x0000000083700000, 0x0000000083800000, 0x0000000083800000|100%| O|  |TAMS 0x0000000083700000, 0x0000000083700000| Untracked 
|   6|0x0000000083800000, 0x0000000083800000, 0x0000000083900000|  0%| F|  |TAMS 0x0000000083800000, 0x0000000083800000| Untracked 
|   7|0x0000000083900000, 0x0000000083900000, 0x0000000083a00000|  0%| F|  |TAMS 0x0000000083900000, 0x0000000083900000| Untracked 
|   8|0x0000000083a00000, 0x0000000083a00000, 0x0000000083b00000|  0%| F|  |TAMS 0x0000000083a00000, 0x0000000083a00000| Untracked 
|   9|0x0000000083b00000, 0x0000000083b00000, 0x0000000083c00000|  0%| F|  |TAMS 0x0000000083b00000, 0x0000000083b00000| Untracked 
|  10|0x0000000083c00000, 0x0000000083c00000, 0x0000000083d00000|  0%| F|  |TAMS 0x0000000083c00000, 0x0000000083c00000| Untracked 
|  11|0x0000000083d00000, 0x0000000083d00000, 0x0000000083e00000|  0%| F|  |TAMS 0x0000000083d00000, 0x0000000083d00000| Untracked 
|  12|0x0000000083e00000, 0x0000000083e00000, 0x0000000083f00000|  0%| F|  |TAMS 0x0000000083e00000, 0x0000000083e00000| Untracked 
|  13|0x0000000083f00000, 0x0000000083f00000, 0x0000000084000000|  0%| F|  |TAMS 0x0000000083f00000, 0x0000000083f00000| Untracked 
|  14|0x0000000084000000, 0x0000000084000000, 0x0000000084100000|  0%| F|  |TAMS 0x0000000084000000, 0x0000000084000000| Untracked 
|  15|0x0000000084100000, 0x0000000084100000, 0x0000000084200000|  0%| F|  |TAMS 0x0000000084100000, 0x0000000084100000| Untracked 
|  16|0x0000000084200000, 0x0000000084200000, 0x0000000084300000|  0%| F|  |TAMS 0x0000000084200000, 0x0000000084200000| Untracked 
|  17|0x0000000084300000, 0x0000000084300000, 0x0000000084400000|  0%| F|  |TAMS 0x0000000084300000, 0x0000000084300000| Untracked 
|  18|0x0000000084400000, 0x0000000084400000, 0x0000000084500000|  0%| F|  |TAMS 0x0000000084400000, 0x0000000084400000| Untracked 
|  19|0x0000000084500000, 0x0000000084500000, 0x0000000084600000|  0%| F|  |TAMS 0x0000000084500000, 0x0000000084500000| Untracked 
|  20|0x0000000084600000, 0x0000000084600000, 0x0000000084700000|  0%| F|  |TAMS 0x0000000084600000, 0x0000000084600000| Untracked 
|  21|0x0000000084700000, 0x0000000084700000, 0x0000000084800000|  0%| F|  |TAMS 0x0000000084700000, 0x0000000084700000| Untracked 
|  22|0x0000000084800000, 0x0000000084800000, 0x0000000084900000|  0%| F|  |TAMS 0x0000000084800000, 0x0000000084800000| Untracked 
|  23|0x0000000084900000, 0x0000000084900000, 0x0000000084a00000|  0%| F|  |TAMS 0x0000000084900000, 0x0000000084900000| Untracked 
|  24|0x0000000084a00000, 0x0000000084a00000, 0x0000000084b00000|  0%| F|  |TAMS 0x0000000084a00000, 0x0000000084a00000| Untracked 
|  25|0x0000000084b00000, 0x0000000084b00000, 0x0000000084c00000|  0%| F|  |TAMS 0x0000000084b00000, 0x0000000084b00000| Untracked 
|  26|0x0000000084c00000, 0x0000000084c00000, 0x0000000084d00000|  0%| F|  |TAMS 0x0000000084c00000, 0x0000000084c00000| Untracked 
|  27|0x0000000084d00000, 0x0000000084d00000, 0x0000000084e00000|  0%| F|  |TAMS 0x0000000084d00000, 0x0000000084d00000| Untracked 
|  28|0x0000000084e00000, 0x0000000084e00000, 0x0000000084f00000|  0%| F|  |TAMS 0x0000000084e00000, 0x0000000084e00000| Untracked 
|  29|0x0000000084f00000, 0x0000000084f00000, 0x0000000085000000|  0%| F|  |TAMS 0x0000000084f00000, 0x0000000084f00000| Untracked 
|  30|0x0000000085000000, 0x0000000085000000, 0x0000000085100000|  0%| F|  |TAMS 0x0000000085000000, 0x0000000085000000| Untracked 
|  31|0x0000000085100000, 0x0000000085100000, 0x0000000085200000|  0%| F|  |TAMS 0x0000000085100000, 0x0000000085100000| Untracked 
|  32|0x0000000085200000, 0x0000000085200000, 0x0000000085300000|  0%| F|  |TAMS 0x0000000085200000, 0x0000000085200000| Untracked 
|  33|0x0000000085300000, 0x0000000085300000, 0x0000000085400000|  0%| F|  |TAMS 0x0000000085300000, 0x0000000085300000| Untracked 
|  34|0x0000000085400000, 0x0000000085400000, 0x0000000085500000|  0%| F|  |TAMS 0x0000000085400000, 0x0000000085400000| Untracked 
|  35|0x0000000085500000, 0x0000000085500000, 0x0000000085600000|  0%| F|  |TAMS 0x0000000085500000, 0x0000000085500000| Untracked 
|  36|0x0000000085600000, 0x0000000085600000, 0x0000000085700000|  0%| F|  |TAMS 0x0000000085600000, 0x0000000085600000| Untracked 
|  37|0x0000000085700000, 0x0000000085700000, 0x0000000085800000|  0%| F|  |TAMS 0x0000000085700000, 0x0000000085700000| Untracked 
|  38|0x0000000085800000, 0x0000000085800000, 0x0000000085900000|  0%| F|  |TAMS 0x0000000085800000, 0x0000000085800000| Untracked 
|  39|0x0000000085900000, 0x0000000085900000, 0x0000000085a00000|  0%| F|  |TAMS 0x0000000085900000, 0x0000000085900000| Untracked 
|  40|0x0000000085a00000, 0x0000000085a00000, 0x0000000085b00000|  0%| F|  |TAMS 0x0000000085a00000, 0x0000000085a00000| Untracked 
|  41|0x0000000085b00000, 0x0000000085b00000, 0x0000000085c00000|  0%| F|  |TAMS 0x0000000085b00000, 0x0000000085b00000| Untracked 
|  42|0x0000000085c00000, 0x0000000085c00000, 0x0000000085d00000|  0%| F|  |TAMS 0x0000000085c00000, 0x0000000085c00000| Untracked 
|  43|0x0000000085d00000, 0x0000000085d00000, 0x0000000085e00000|  0%| F|  |TAMS 0x0000000085d00000, 0x0000000085d00000| Untracked 
|  44|0x0000000085e00000, 0x0000000085e00000, 0x0000000085f00000|  0%| F|  |TAMS 0x0000000085e00000, 0x0000000085e00000| Untracked 
|  45|0x0000000085f00000, 0x0000000085f00000, 0x0000000086000000|  0%| F|  |TAMS 0x0000000085f00000, 0x0000000085f00000| Untracked 
|  46|0x0000000086000000, 0x0000000086000000, 0x0000000086100000|  0%| F|  |TAMS 0x0000000086000000, 0x0000000086000000| Untracked 
|  47|0x0000000086100000, 0x0000000086100000, 0x0000000086200000|  0%| F|  |TAMS 0x0000000086100000, 0x0000000086100000| Untracked 
|  48|0x0000000086200000, 0x0000000086200000, 0x0000000086300000|  0%| F|  |TAMS 0x0000000086200000, 0x0000000086200000| Untracked 
|  49|0x0000000086300000, 0x0000000086300000, 0x0000000086400000|  0%| F|  |TAMS 0x0000000086300000, 0x0000000086300000| Untracked 
|  50|0x0000000086400000, 0x0000000086400000, 0x0000000086500000|  0%| F|  |TAMS 0x0000000086400000, 0x0000000086400000| Untracked 
|  51|0x0000000086500000, 0x0000000086500000, 0x0000000086600000|  0%| F|  |TAMS 0x0000000086500000, 0x0000000086500000| Untracked 
|  52|0x0000000086600000, 0x0000000086600000, 0x0000000086700000|  0%| F|  |TAMS 0x0000000086600000, 0x0000000086600000| Untracked 
|  53|0x0000000086700000, 0x0000000086700000, 0x0000000086800000|  0%| F|  |TAMS 0x0000000086700000, 0x0000000086700000| Untracked 
|  54|0x0000000086800000, 0x0000000086800000, 0x0000000086900000|  0%| F|  |TAMS 0x0000000086800000, 0x0000000086800000| Untracked 
|  55|0x0000000086900000, 0x0000000086900000, 0x0000000086a00000|  0%| F|  |TAMS 0x0000000086900000, 0x0000000086900000| Untracked 
|  56|0x0000000086a00000, 0x0000000086a00000, 0x0000000086b00000|  0%| F|  |TAMS 0x0000000086a00000, 0x0000000086a00000| Untracked 
|  57|0x0000000086b00000, 0x0000000086b00000, 0x0000000086c00000|  0%| F|  |TAMS 0x0000000086b00000, 0x0000000086b00000| Untracked 
|  58|0x0000000086c00000, 0x0000000086c00000, 0x0000000086d00000|  0%| F|  |TAMS 0x0000000086c00000, 0x0000000086c00000| Untracked 
|  59|0x0000000086d00000, 0x0000000086d00000, 0x0000000086e00000|  0%| F|  |TAMS 0x0000000086d00000, 0x0000000086d00000| Untracked 
|  60|0x0000000086e00000, 0x0000000086e00000, 0x0000000086f00000|  0%| F|  |TAMS 0x0000000086e00000, 0x0000000086e00000| Untracked 
|  61|0x0000000086f00000, 0x0000000086f00000, 0x0000000087000000|  0%| F|  |TAMS 0x0000000086f00000, 0x0000000086f00000| Untracked 
|  62|0x0000000087000000, 0x0000000087000000, 0x0000000087100000|  0%| F|  |TAMS 0x0000000087000000, 0x0000000087000000| Untracked 
|  63|0x0000000087100000, 0x0000000087100000, 0x0000000087200000|  0%| F|  |TAMS 0x0000000087100000, 0x0000000087100000| Untracked 
|  64|0x0000000087200000, 0x0000000087200000, 0x0000000087300000|  0%| F|  |TAMS 0x0000000087200000, 0x0000000087200000| Untracked 
|  65|0x0000000087300000, 0x0000000087300000, 0x0000000087400000|  0%| F|  |TAMS 0x0000000087300000, 0x0000000087300000| Untracked 
|  66|0x0000000087400000, 0x0000000087400000, 0x0000000087500000|  0%| F|  |TAMS 0x0000000087400000, 0x0000000087400000| Untracked 
|  67|0x0000000087500000, 0x0000000087500000, 0x0000000087600000|  0%| F|  |TAMS 0x0000000087500000, 0x0000000087500000| Untracked 
|  68|0x0000000087600000, 0x0000000087600000, 0x0000000087700000|  0%| F|  |TAMS 0x0000000087600000, 0x0000000087600000| Untracked 
|  69|0x0000000087700000, 0x0000000087700000, 0x0000000087800000|  0%| F|  |TAMS 0x0000000087700000, 0x0000000087700000| Untracked 
|  70|0x0000000087800000, 0x0000000087800000, 0x0000000087900000|  0%| F|  |TAMS 0x0000000087800000, 0x0000000087800000| Untracked 
|  71|0x0000000087900000, 0x0000000087900000, 0x0000000087a00000|  0%| F|  |TAMS 0x0000000087900000, 0x0000000087900000| Untracked 
|  72|0x0000000087a00000, 0x0000000087a00000, 0x0000000087b00000|  0%| F|  |TAMS 0x0000000087a00000, 0x0000000087a00000| Untracked 
|  73|0x0000000087b00000, 0x0000000087b00000, 0x0000000087c00000|  0%| F|  |TAMS 0x0000000087b00000, 0x0000000087b00000| Untracked 
|  74|0x0000000087c00000, 0x0000000087c00000, 0x0000000087d00000|  0%| F|  |TAMS 0x0000000087c00000, 0x0000000087c00000| Untracked 
|  75|0x0000000087d00000, 0x0000000087d00000, 0x0000000087e00000|  0%| F|  |TAMS 0x0000000087d00000, 0x0000000087d00000| Untracked 
|  76|0x0000000087e00000, 0x0000000087e00000, 0x0000000087f00000|  0%| F|  |TAMS 0x0000000087e00000, 0x0000000087e00000| Untracked 
|  77|0x0000000087f00000, 0x0000000087f00000, 0x0000000088000000|  0%| F|  |TAMS 0x0000000087f00000, 0x0000000087f00000| Untracked 
|  78|0x0000000088000000, 0x0000000088000000, 0x0000000088100000|  0%| F|  |TAMS 0x0000000088000000, 0x0000000088000000| Untracked 
|  79|0x0000000088100000, 0x0000000088100000, 0x0000000088200000|  0%| F|  |TAMS 0x0000000088100000, 0x0000000088100000| Untracked 
|  80|0x0000000088200000, 0x0000000088200000, 0x0000000088300000|  0%| F|  |TAMS 0x0000000088200000, 0x0000000088200000| Untracked 
|  81|0x0000000088300000, 0x0000000088300000, 0x0000000088400000|  0%| F|  |TAMS 0x0000000088300000, 0x0000000088300000| Untracked 
|  82|0x0000000088400000, 0x0000000088400000, 0x0000000088500000|  0%| F|  |TAMS 0x0000000088400000, 0x0000000088400000| Untracked 
|  83|0x0000000088500000, 0x0000000088500000, 0x0000000088600000|  0%| F|  |TAMS 0x0000000088500000, 0x0000000088500000| Untracked 
|  84|0x0000000088600000, 0x0000000088600000, 0x0000000088700000|  0%| F|  |TAMS 0x0000000088600000, 0x0000000088600000| Untracked 
|  85|0x0000000088700000, 0x0000000088700000, 0x0000000088800000|  0%| F|  |TAMS 0x0000000088700000, 0x0000000088700000| Untracked 
|  86|0x0000000088800000, 0x0000000088800000, 0x0000000088900000|  0%| F|  |TAMS 0x0000000088800000, 0x0000000088800000| Untracked 
|  87|0x0000000088900000, 0x0000000088900000, 0x0000000088a00000|  0%| F|  |TAMS 0x0000000088900000, 0x0000000088900000| Untracked 
|  88|0x0000000088a00000, 0x0000000088a00000, 0x0000000088b00000|  0%| F|  |TAMS 0x0000000088a00000, 0x0000000088a00000| Untracked 
|  89|0x0000000088b00000, 0x0000000088b00000, 0x0000000088c00000|  0%| F|  |TAMS 0x0000000088b00000, 0x0000000088b00000| Untracked 
|  90|0x0000000088c00000, 0x0000000088c00000, 0x0000000088d00000|  0%| F|  |TAMS 0x0000000088c00000, 0x0000000088c00000| Untracked 
|  91|0x0000000088d00000, 0x0000000088d00000, 0x0000000088e00000|  0%| F|  |TAMS 0x0000000088d00000, 0x0000000088d00000| Untracked 
|  92|0x0000000088e00000, 0x0000000088e00000, 0x0000000088f00000|  0%| F|  |TAMS 0x0000000088e00000, 0x0000000088e00000| Untracked 
|  93|0x0000000088f00000, 0x0000000088f00000, 0x0000000089000000|  0%| F|  |TAMS 0x0000000088f00000, 0x0000000088f00000| Untracked 
|  94|0x0000000089000000, 0x0000000089000000, 0x0000000089100000|  0%| F|  |TAMS 0x0000000089000000, 0x0000000089000000| Untracked 
|  95|0x0000000089100000, 0x0000000089100000, 0x0000000089200000|  0%| F|  |TAMS 0x0000000089100000, 0x0000000089100000| Untracked 
|  96|0x0000000089200000, 0x0000000089200000, 0x0000000089300000|  0%| F|  |TAMS 0x0000000089200000, 0x0000000089200000| Untracked 
|  97|0x0000000089300000, 0x0000000089300000, 0x0000000089400000|  0%| F|  |TAMS 0x0000000089300000, 0x0000000089300000| Untracked 
|  98|0x0000000089400000, 0x0000000089400000, 0x0000000089500000|  0%| F|  |TAMS 0x0000000089400000, 0x0000000089400000| Untracked 
|  99|0x0000000089500000, 0x0000000089500000, 0x0000000089600000|  0%| F|  |TAMS 0x0000000089500000, 0x0000000089500000| Untracked 
| 100|0x0000000089600000, 0x0000000089600000, 0x0000000089700000|  0%| F|  |TAMS 0x0000000089600000, 0x0000000089600000| Untracked 
| 101|0x0000000089700000, 0x0000000089700000, 0x0000000089800000|  0%| F|  |TAMS 0x0000000089700000, 0x0000000089700000| Untracked 
| 102|0x0000000089800000, 0x0000000089800000, 0x0000000089900000|  0%| F|  |TAMS 0x0000000089800000, 0x0000000089800000| Untracked 
| 103|0x0000000089900000, 0x0000000089900000, 0x0000000089a00000|  0%| F|  |TAMS 0x0000000089900000, 0x0000000089900000| Untracked 
| 104|0x0000000089a00000, 0x0000000089a00000, 0x0000000089b00000|  0%| F|  |TAMS 0x0000000089a00000, 0x0000000089a00000| Untracked 
| 105|0x0000000089b00000, 0x0000000089bba3a0, 0x0000000089c00000| 72%| S|CS|TAMS 0x0000000089b00000, 0x0000000089b00000| Complete 
| 106|0x0000000089c00000, 0x0000000089d00000, 0x0000000089d00000|100%| S|CS|TAMS 0x0000000089c00000, 0x0000000089c00000| Complete 
| 107|0x0000000089d00000, 0x0000000089d00000, 0x0000000089e00000|  0%| F|  |TAMS 0x0000000089d00000, 0x0000000089d00000| Untracked 
| 108|0x0000000089e00000, 0x0000000089e00000, 0x0000000089f00000|  0%| F|  |TAMS 0x0000000089e00000, 0x0000000089e00000| Untracked 
| 109|0x0000000089f00000, 0x0000000089f00000, 0x000000008a000000|  0%| F|  |TAMS 0x0000000089f00000, 0x0000000089f00000| Untracked 
| 110|0x000000008a000000, 0x000000008a000000, 0x000000008a100000|  0%| F|  |TAMS 0x000000008a000000, 0x000000008a000000| Untracked 
| 111|0x000000008a100000, 0x000000008a200000, 0x000000008a200000|100%| E|  |TAMS 0x000000008a100000, 0x000000008a100000| Complete 
| 112|0x000000008a200000, 0x000000008a300000, 0x000000008a300000|100%| E|CS|TAMS 0x000000008a200000, 0x000000008a200000| Complete 
| 113|0x000000008a300000, 0x000000008a400000, 0x000000008a400000|100%| E|CS|TAMS 0x000000008a300000, 0x000000008a300000| Complete 
| 114|0x000000008a400000, 0x000000008a500000, 0x000000008a500000|100%| E|CS|TAMS 0x000000008a400000, 0x000000008a400000| Complete 
| 115|0x000000008a500000, 0x000000008a600000, 0x000000008a600000|100%| E|CS|TAMS 0x000000008a500000, 0x000000008a500000| Complete 
| 116|0x000000008a600000, 0x000000008a700000, 0x000000008a700000|100%| E|CS|TAMS 0x000000008a600000, 0x000000008a600000| Complete 
| 117|0x000000008a700000, 0x000000008a800000, 0x000000008a800000|100%| E|CS|TAMS 0x000000008a700000, 0x000000008a700000| Complete 
| 118|0x000000008a800000, 0x000000008a900000, 0x000000008a900000|100%| E|CS|TAMS 0x000000008a800000, 0x000000008a800000| Complete 
| 119|0x000000008a900000, 0x000000008aa00000, 0x000000008aa00000|100%| E|CS|TAMS 0x000000008a900000, 0x000000008a900000| Complete 
| 120|0x000000008aa00000, 0x000000008ab00000, 0x000000008ab00000|100%| E|CS|TAMS 0x000000008aa00000, 0x000000008aa00000| Complete 
| 121|0x000000008ab00000, 0x000000008ac00000, 0x000000008ac00000|100%| E|CS|TAMS 0x000000008ab00000, 0x000000008ab00000| Complete 
| 122|0x000000008ac00000, 0x000000008ad00000, 0x000000008ad00000|100%| E|CS|TAMS 0x000000008ac00000, 0x000000008ac00000| Complete 
| 123|0x000000008ad00000, 0x000000008ae00000, 0x000000008ae00000|100%| E|CS|TAMS 0x000000008ad00000, 0x000000008ad00000| Complete 
| 124|0x000000008ae00000, 0x000000008af00000, 0x000000008af00000|100%| E|CS|TAMS 0x000000008ae00000, 0x000000008ae00000| Complete 
| 125|0x000000008af00000, 0x000000008b000000, 0x000000008b000000|100%| E|CS|TAMS 0x000000008af00000, 0x000000008af00000| Complete 

Card table byte_map: [0x000001bada3a0000,0x000001bada790000] _byte_map_base: 0x000001bad9f87000

Marking Bits (Prev, Next): (CMBitMap*) 0x000001bac7b36f20, (CMBitMap*) 0x000001bac7b36f60
 Prev Bits: [0x000001badab80000, 0x000001badcab8000)
 Next Bits: [0x000001badcac0000, 0x000001bade9f8000)

Polling page: 0x000001bac5950000

Metaspace:

Usage:
  Non-class:     15.82 MB used.
      Class:      1.81 MB used.
       Both:     17.63 MB used.

Virtual space:
  Non-class space:       64.00 MB reserved,      15.88 MB ( 25%) committed,  1 nodes.
      Class space:        1.00 GB reserved,       1.94 MB ( <1%) committed,  1 nodes.
             Both:        1.06 GB reserved,      17.81 MB (  2%) committed. 

Chunk freelists:
   Non-Class:  15.55 MB
       Class:  13.98 MB
        Both:  29.53 MB

MaxMetaspaceSize: unlimited
CompressedClassSpaceSize: 1.00 GB
Initial GC threshold: 21.00 MB
Current GC threshold: 21.00 MB
CDS: off
MetaspaceReclaimPolicy: balanced
 - commit_granule_bytes: 65536.
 - commit_granule_words: 8192.
 - virtual_space_node_default_size: 8388608.
 - enlarge_chunks_in_place: 1.
 - new_chunks_are_fully_committed: 0.
 - uncommit_free_chunks: 1.
 - use_allocation_guard: 0.
 - handle_deallocations: 1.


Internal statistics:

num_allocs_failed_limit: 0.
num_arena_births: 42.
num_arena_deaths: 0.
num_vsnodes_births: 2.
num_vsnodes_deaths: 0.
num_space_committed: 285.
num_space_uncommitted: 0.
num_chunks_returned_to_freelist: 0.
num_chunks_taken_from_freelist: 378.
num_chunk_merges: 0.
num_chunk_splits: 312.
num_chunks_enlarged: 281.
num_inconsistent_stats: 0.

CodeHeap 'non-profiled nmethods': size=120000Kb used=462Kb max_used=462Kb free=119537Kb
 bounds [0x000001bad2a80000, 0x000001bad2cf0000, 0x000001bad9fb0000]
CodeHeap 'profiled nmethods': size=120000Kb used=2872Kb max_used=2872Kb free=117127Kb
 bounds [0x000001bacafb0000, 0x000001bacb280000, 0x000001bad24e0000]
CodeHeap 'non-nmethods': size=5760Kb used=1188Kb max_used=1206Kb free=4571Kb
 bounds [0x000001bad24e0000, 0x000001bad2750000, 0x000001bad2a80000]
 total_blobs=1964 nmethods=1498 adapters=378
 compilation: enabled
              stopped_count=0, restarted_count=0
 full_count=0

Compilation events (20 events):
Event: 1.035 Thread 0x000001bae109fe60 1489       3       java.net.URI::match (56 bytes)
Event: 1.035 Thread 0x000001bae109fe60 nmethod 1489 0x000001bacb27b790 code [0x000001bacb27b940, 0x000001bacb27bc38]
Event: 1.035 Thread 0x000001bae109fe60 1490       3       java.lang.Integer::<init> (10 bytes)
Event: 1.035 Thread 0x000001bae109fe60 nmethod 1490 0x000001bacb27bd10 code [0x000001bacb27bec0, 0x000001bacb27c098]
Event: 1.035 Thread 0x000001bae109fe60 1492       1       java.io.File::getPath (5 bytes)
Event: 1.035 Thread 0x000001bae109fe60 nmethod 1492 0x000001bad2aef610 code [0x000001bad2aef7a0, 0x000001bad2aef878]
Event: 1.035 Thread 0x000001bae109fe60 1493       3       java.lang.StringBuilder::<init> (6 bytes)
Event: 1.036 Thread 0x000001bae109fe60 nmethod 1493 0x000001bacb27c190 code [0x000001bacb27c320, 0x000001bacb27c468]
Event: 1.036 Thread 0x000001bae109c050 nmethod 1470% 0x000001bad2aef910 code [0x000001bad2aefae0, 0x000001bad2af0ea8]
Event: 1.037 Thread 0x000001bae109fe60 1494       3       java.lang.invoke.MemberName::getReferenceKind (12 bytes)
Event: 1.037 Thread 0x000001bae109c050 1491       4       java.lang.String::indexOf (7 bytes)
Event: 1.037 Thread 0x000001bae109fe60 nmethod 1494 0x000001bacb27c510 code [0x000001bacb27c6a0, 0x000001bacb27c7b8]
Event: 1.037 Thread 0x000001bae109c050 nmethod 1491 0x000001bad2af1a10 code [0x000001bad2af1b80, 0x000001bad2af1d58]
Event: 1.037 Thread 0x000001bae109c050 1474   !   4       java.util.zip.Inflater::inflate (418 bytes)
Event: 1.038 Thread 0x000001bae109fe60 1496       3       jdk.internal.org.objectweb.asm.Attribute::computeAttributesSize (62 bytes)
Event: 1.038 Thread 0x000001bae109fe60 nmethod 1496 0x000001bacb27c890 code [0x000001bacb27ca60, 0x000001bacb27cd88]
Event: 1.038 Thread 0x000001bae109fe60 1497       3       jdk.internal.org.objectweb.asm.AnnotationWriter::computeAnnotationsSize (66 bytes)
Event: 1.038 Thread 0x000001bae109fe60 nmethod 1497 0x000001bacb27cf10 code [0x000001bacb27d0e0, 0x000001bacb27d418]
Event: 1.038 Thread 0x000001bae109fe60 1498       3       jdk.internal.org.objectweb.asm.Attribute::putAttributes (78 bytes)
Event: 1.038 Thread 0x000001bae109fe60 nmethod 1498 0x000001bacb27d610 code [0x000001bacb27d860, 0x000001bacb27dd98]

GC Heap History (4 events):
Event: 0.395 GC heap before
{Heap before GC invocations=0 (full 0):
 garbage-first heap   total 129024K, used 17408K [0x0000000083200000, 0x0000000100000000)
  region size 1024K, 13 young (13312K), 0 survivors (0K)
 Metaspace       used 10513K, committed 10688K, reserved 1114112K
  class space    used 909K, committed 1024K, reserved 1048576K
}
Event: 0.398 GC heap after
{Heap after GC invocations=1 (full 0):
 garbage-first heap   total 129024K, used 6165K [0x0000000083200000, 0x0000000100000000)
  region size 1024K, 2 young (2048K), 2 survivors (2048K)
 Metaspace       used 10513K, committed 10688K, reserved 1114112K
  class space    used 909K, committed 1024K, reserved 1048576K
}
Event: 0.799 GC heap before
{Heap before GC invocations=1 (full 0):
 garbage-first heap   total 129024K, used 23573K [0x0000000083200000, 0x0000000100000000)
  region size 1024K, 19 young (19456K), 2 survivors (2048K)
 Metaspace       used 14680K, committed 14848K, reserved 1114112K
  class space    used 1460K, committed 1536K, reserved 1048576K
}
Event: 0.805 GC heap after
{Heap after GC invocations=2 (full 0):
 garbage-first heap   total 129024K, used 7864K [0x0000000083200000, 0x0000000100000000)
  region size 1024K, 2 young (2048K), 2 survivors (2048K)
 Metaspace       used 14680K, committed 14848K, reserved 1114112K
  class space    used 1460K, committed 1536K, reserved 1048576K
}

Dll operation events (1 events):
Event: 0.048 Loaded shared library C:\Program Files\Android\Android Studio\jbr\bin\java.dll

Deoptimization events (20 events):
Event: 0.730 Thread 0x000001bac7ad9b00 DEOPT PACKING pc=0x000001bad2aaed50 sp=0x000000027fbfba40
Event: 0.730 Thread 0x000001bac7ad9b00 DEOPT UNPACKING pc=0x000001bad253a1a3 sp=0x000000027fbfb928 mode 2
Event: 0.731 Thread 0x000001bac7ad9b00 Uncommon trap: trap_request=0xffffffc6 fr.pc=0x000001bad2aaed50 relative=0x00000000000004d0
Event: 0.731 Thread 0x000001bac7ad9b00 Uncommon trap: reason=bimorphic_or_optimized_type_check action=maybe_recompile pc=0x000001bad2aaed50 method=kotlin.reflect.jvm.internal.impl.protobuf.CodedInputStream.tryRefillBuffer(I)Z @ 175 c2
Event: 0.731 Thread 0x000001bac7ad9b00 DEOPT PACKING pc=0x000001bad2aaed50 sp=0x000000027fbfbfe0
Event: 0.731 Thread 0x000001bac7ad9b00 DEOPT UNPACKING pc=0x000001bad253a1a3 sp=0x000000027fbfbec8 mode 2
Event: 0.747 Thread 0x000001bac7ad9b00 Uncommon trap: trap_request=0xffffff45 fr.pc=0x000001bad2aa8c28 relative=0x00000000000003e8
Event: 0.747 Thread 0x000001bac7ad9b00 Uncommon trap: reason=unstable_if action=reinterpret pc=0x000001bad2aa8c28 method=java.util.concurrent.ConcurrentHashMap.get(Ljava/lang/Object;)Ljava/lang/Object; @ 152 c2
Event: 0.747 Thread 0x000001bac7ad9b00 DEOPT PACKING pc=0x000001bad2aa8c28 sp=0x000000027fbfc4b0
Event: 0.747 Thread 0x000001bac7ad9b00 DEOPT UNPACKING pc=0x000001bad253a1a3 sp=0x000000027fbfc438 mode 2
Event: 0.942 Thread 0x000001bac7ad9b00 DEOPT PACKING pc=0x000001bacb20f4b4 sp=0x000000027fbfe040
Event: 0.942 Thread 0x000001bac7ad9b00 DEOPT UNPACKING pc=0x000001bad253ace3 sp=0x000000027fbfd610 mode 0
Event: 0.989 Thread 0x000001bac7ad9b00 Uncommon trap: trap_request=0xffffff45 fr.pc=0x000001bad2abf550 relative=0x00000000000000b0
Event: 0.989 Thread 0x000001bac7ad9b00 Uncommon trap: reason=unstable_if action=reinterpret pc=0x000001bad2abf550 method=java.lang.Integer.valueOf(I)Ljava/lang/Integer; @ 3 c2
Event: 0.989 Thread 0x000001bac7ad9b00 DEOPT PACKING pc=0x000001bad2abf550 sp=0x000000027fbfcb90
Event: 0.989 Thread 0x000001bac7ad9b00 DEOPT UNPACKING pc=0x000001bad253a1a3 sp=0x000000027fbfcb28 mode 2
Event: 1.012 Thread 0x000001bac7ad9b00 Uncommon trap: trap_request=0xffffff6e fr.pc=0x000001bad2a8dc44 relative=0x0000000000000144
Event: 1.012 Thread 0x000001bac7ad9b00 Uncommon trap: reason=loop_limit_check action=maybe_recompile pc=0x000001bad2a8dc44 method=java.lang.StringLatin1.lastIndexOf([BII)I @ 19 c2
Event: 1.012 Thread 0x000001bac7ad9b00 DEOPT PACKING pc=0x000001bad2a8dc44 sp=0x000000027fbfd6f0
Event: 1.012 Thread 0x000001bac7ad9b00 DEOPT UNPACKING pc=0x000001bad253a1a3 sp=0x000000027fbfd670 mode 2

Classes unloaded (0 events):
No events

Classes redefined (0 events):
No events

Internal exceptions (1 events):
Event: 0.906 Thread 0x000001bac7ad9b00 Exception <a 'java/lang/NoSuchMethodError'{0x000000008a9fe7d0}: 'java.lang.Object java.lang.invoke.DirectMethodHandle$Holder.newInvokeSpecial(java.lang.Object, java.lang.Object, java.lang.Object, java.lang.Object, java.lang.Object)'> (0x000000008a9fe7d0) 
thrown [s\src\hotspot\share\interpreter\linkResolver.cpp, line 771]

VM Operations (16 events):
Event: 0.201 Executing VM operation: HandshakeAllThreads
Event: 0.201 Executing VM operation: HandshakeAllThreads done
Event: 0.388 Executing VM operation: HandshakeAllThreads
Event: 0.388 Executing VM operation: HandshakeAllThreads done
Event: 0.395 Executing VM operation: G1CollectForAllocation
Event: 0.398 Executing VM operation: G1CollectForAllocation done
Event: 0.736 Executing VM operation: HandshakeAllThreads
Event: 0.736 Executing VM operation: HandshakeAllThreads done
Event: 0.799 Executing VM operation: G1CollectForAllocation
Event: 0.805 Executing VM operation: G1CollectForAllocation done
Event: 0.942 Executing VM operation: HandshakeAllThreads
Event: 0.942 Executing VM operation: HandshakeAllThreads done
Event: 0.958 Executing VM operation: ICBufferFull
Event: 0.958 Executing VM operation: ICBufferFull done
Event: 1.010 Executing VM operation: HandshakeAllThreads
Event: 1.011 Executing VM operation: HandshakeAllThreads done

Events (20 events):
Event: 1.031 loading class java/lang/invoke/DirectMethodHandle$Interface
Event: 1.032 loading class java/lang/invoke/DirectMethodHandle$Interface done
Event: 1.032 loading class java/util/regex/Pattern$Ques
Event: 1.032 loading class java/util/regex/Pattern$Ques done
Event: 1.032 loading class java/util/regex/Pattern$SliceS
Event: 1.032 loading class java/util/regex/Pattern$SliceS done
Event: 1.033 loading class java/net/URISyntaxException
Event: 1.033 loading class java/net/URISyntaxException done
Event: 1.036 loading class java/util/Spliterators$IteratorSpliterator
Event: 1.036 loading class java/util/Spliterators$IteratorSpliterator done
Event: 1.037 loading class java/util/stream/MatchOps$MatchKind
Event: 1.037 loading class java/util/stream/MatchOps$MatchKind done
Event: 1.037 loading class java/util/stream/MatchOps
Event: 1.037 loading class java/util/stream/MatchOps done
Event: 1.037 loading class java/util/stream/MatchOps$MatchOp
Event: 1.037 loading class java/util/stream/MatchOps$MatchOp done
Event: 1.038 loading class java/util/stream/MatchOps$BooleanTerminalSink
Event: 1.038 loading class java/util/stream/MatchOps$BooleanTerminalSink done
Event: 1.038 loading class java/util/stream/MatchOps$1MatchSink
Event: 1.038 loading class java/util/stream/MatchOps$1MatchSink done


Dynamic libraries:
0x00007ff66a7c0000 - 0x00007ff66a7ca000 	C:\Program Files\Android\Android Studio\jbr\bin\java.exe
0x00007ffbe5f90000 - 0x00007ffbe61a7000 	C:\WINDOWS\SYSTEM32\ntdll.dll
0x00007ffbe44c0000 - 0x00007ffbe4584000 	C:\WINDOWS\System32\KERNEL32.DLL
0x00007ffbe37d0000 - 0x00007ffbe3b89000 	C:\WINDOWS\System32\KERNELBASE.dll
0x00007ffbe3290000 - 0x00007ffbe33a1000 	C:\WINDOWS\System32\ucrtbase.dll
0x00007ffbd8830000 - 0x00007ffbd8847000 	C:\Program Files\Android\Android Studio\jbr\bin\jli.dll
0x00007ffbe5910000 - 0x00007ffbe5abe000 	C:\WINDOWS\System32\USER32.dll
0x00007ffbe3c00000 - 0x00007ffbe3c26000 	C:\WINDOWS\System32\win32u.dll
0x00007ffbe5050000 - 0x00007ffbe5079000 	C:\WINDOWS\System32\GDI32.dll
0x00007ffbe36b0000 - 0x00007ffbe37cb000 	C:\WINDOWS\System32\gdi32full.dll
0x00007ffbe3610000 - 0x00007ffbe36aa000 	C:\WINDOWS\System32\msvcp_win.dll
0x00007ffbc8710000 - 0x00007ffbc89a2000 	C:\WINDOWS\WinSxS\amd64_microsoft.windows.common-controls_6595b64144ccf1df_6.0.22621.4391_none_2715d37f73803e96\COMCTL32.dll
0x00007ffbc07c0000 - 0x00007ffbc07db000 	C:\Program Files\Android\Android Studio\jbr\bin\VCRUNTIME140.dll
0x00007ffbe5ea0000 - 0x00007ffbe5f47000 	C:\WINDOWS\System32\msvcrt.dll
0x00007ffbe49d0000 - 0x00007ffbe4a01000 	C:\WINDOWS\System32\IMM32.DLL
0x00007ffbc0480000 - 0x00007ffbc048c000 	C:\Program Files\Android\Android Studio\jbr\bin\vcruntime140_1.dll
0x00007ffb59df0000 - 0x00007ffb59e7d000 	C:\Program Files\Android\Android Studio\jbr\bin\msvcp140.dll
0x00007ffb57340000 - 0x00007ffb57fc3000 	C:\Program Files\Android\Android Studio\jbr\bin\server\jvm.dll
0x00007ffbe4a10000 - 0x00007ffbe4ac2000 	C:\WINDOWS\System32\ADVAPI32.dll
0x00007ffbe41f0000 - 0x00007ffbe4297000 	C:\WINDOWS\System32\sechost.dll
0x00007ffbe33b0000 - 0x00007ffbe33d8000 	C:\WINDOWS\System32\bcrypt.dll
0x00007ffbe5b20000 - 0x00007ffbe5c34000 	C:\WINDOWS\System32\RPCRT4.dll
0x00007ffbe28e0000 - 0x00007ffbe292d000 	C:\WINDOWS\SYSTEM32\POWRPROF.dll
0x00007ffbaeb20000 - 0x00007ffbaeb29000 	C:\WINDOWS\SYSTEM32\WSOCK32.dll
0x00007ffbe4590000 - 0x00007ffbe4601000 	C:\WINDOWS\System32\WS2_32.dll
0x00007ffbe0c80000 - 0x00007ffbe0cb4000 	C:\WINDOWS\SYSTEM32\WINMM.dll
0x00007ffbdcae0000 - 0x00007ffbdcaea000 	C:\WINDOWS\SYSTEM32\VERSION.dll
0x00007ffbe2890000 - 0x00007ffbe28a3000 	C:\WINDOWS\SYSTEM32\UMPDC.dll
0x00007ffbe22d0000 - 0x00007ffbe22e8000 	C:\WINDOWS\SYSTEM32\kernel.appcore.dll
0x00007ffbddf20000 - 0x00007ffbddf2a000 	C:\Program Files\Android\Android Studio\jbr\bin\jimage.dll
0x00007ffbe0a20000 - 0x00007ffbe0c52000 	C:\WINDOWS\SYSTEM32\DBGHELP.DLL
0x00007ffbe4c40000 - 0x00007ffbe4fcf000 	C:\WINDOWS\System32\combase.dll
0x00007ffbe4790000 - 0x00007ffbe4867000 	C:\WINDOWS\System32\OLEAUT32.dll
0x00007ffbbab00000 - 0x00007ffbbab32000 	C:\WINDOWS\SYSTEM32\dbgcore.DLL
0x00007ffbe3c30000 - 0x00007ffbe3cab000 	C:\WINDOWS\System32\bcryptPrimitives.dll
0x00007ffbdde40000 - 0x00007ffbdde65000 	C:\Program Files\Android\Android Studio\jbr\bin\java.dll
0x00007ffbddde0000 - 0x00007ffbdddf8000 	C:\Program Files\Android\Android Studio\jbr\bin\zip.dll
0x00007ffbe5080000 - 0x00007ffbe58f6000 	C:\WINDOWS\System32\SHELL32.dll
0x00007ffbe11d0000 - 0x00007ffbe1ad3000 	C:\WINDOWS\SYSTEM32\windows.storage.dll
0x00007ffbe1090000 - 0x00007ffbe11cf000 	C:\WINDOWS\SYSTEM32\wintypes.dll
0x00007ffbe4870000 - 0x00007ffbe4969000 	C:\WINDOWS\System32\SHCORE.dll
0x00007ffbe42a0000 - 0x00007ffbe42fe000 	C:\WINDOWS\System32\shlwapi.dll
0x00007ffbe31c0000 - 0x00007ffbe31eb000 	C:\WINDOWS\SYSTEM32\profapi.dll
0x00007ffbdddc0000 - 0x00007ffbdddd9000 	C:\Program Files\Android\Android Studio\jbr\bin\net.dll
0x00007ffbdf350000 - 0x00007ffbdf486000 	C:\WINDOWS\SYSTEM32\WINHTTP.dll
0x00007ffbe27c0000 - 0x00007ffbe2829000 	C:\WINDOWS\system32\mswsock.dll
0x00007ffbddda0000 - 0x00007ffbdddb6000 	C:\Program Files\Android\Android Studio\jbr\bin\nio.dll

dbghelp: loaded successfully - version: 4.0.5 - missing functions: none
symbol engine: initialized successfully - sym options: 0x614 - pdb path: .;C:\Program Files\Android\Android Studio\jbr\bin;C:\WINDOWS\SYSTEM32;C:\WINDOWS\WinSxS\amd64_microsoft.windows.common-controls_6595b64144ccf1df_6.0.22621.4391_none_2715d37f73803e96;C:\Program Files\Android\Android Studio\jbr\bin\server

VM Arguments:
java_command: org.jetbrains.kotlin.cli.jvm.K2JVMCompiler @C:\Users\bimur\AndroidStudioProjects\AndroidFinal1\app\build\20241205_2811379833804630487.compiler.options
java_class_path (initial): C:\Users\bimur\.gradle\caches\modules-2\files-2.1\org.jetbrains.kotlin\kotlin-compiler-embeddable\1.9.0\2c8c3a7402becca891f12739b3e9fd2dc2adbd7a\kotlin-compiler-embeddable-1.9.0.jar;C:\Users\bimur\.gradle\caches\modules-2\files-2.1\org.jetbrains.kotlin\kotlin-stdlib\1.9.0\8ee15ef0c67dc83d874f412d84378d7f0eb50b63\kotlin-stdlib-1.9.0.jar;C:\Users\bimur\.gradle\caches\modules-2\files-2.1\org.jetbrains.kotlin\kotlin-script-runtime\1.9.0\4b3102cbbb7e1b58d9d1adf89563f00069ffa7d1\kotlin-script-runtime-1.9.0.jar;C:\Users\bimur\.gradle\caches\modules-2\files-2.1\org.jetbrains.kotlin\kotlin-reflect\1.6.10\1cbe9c92c12a94eea200d23c2bbaedaf3daf5132\kotlin-reflect-1.6.10.jar;C:\Users\bimur\.gradle\caches\modules-2\files-2.1\org.jetbrains.kotlin\kotlin-daemon-embeddable\1.9.0\186543f5e28cf8d9a0290fecc2cf34301c40a65c\kotlin-daemon-embeddable-1.9.0.jar;C:\Users\bimur\.gradle\caches\modules-2\files-2.1\org.jetbrains.intellij.deps\trove4j\1.0.20200330\3afb14d5f9ceb459d724e907a21145e8ff394f02\trove4j-1.0.20200330.jar;C:\Users\bimur\.gradle\caches\modules-2\files-2.1\org.jetbrains.kotlin\kotlin-stdlib-common\1.9.0\cd65c21cfd1eec4d44ef09f9f52b6d9f8a720636\kotlin-stdlib-common-1.9.0.jar;C:\Users\bimur\.gradle\caches\modules-2\files-2.1\org.jetbrains\annotations\13.0\919f0dfe192fb4e063e7dacadee7f8bb9a2672a9\annotations-13.0.jar
Launcher Type: SUN_STANDARD

[Global flags]
     intx CICompilerCount                          = 3                                         {product} {ergonomic}
     uint ConcGCThreads                            = 1                                         {product} {ergonomic}
     uint G1ConcRefinementThreads                  = 4                                         {product} {ergonomic}
   size_t G1HeapRegionSize                         = 1048576                                   {product} {ergonomic}
    uintx GCDrainStackTargetSize                   = 64                                        {product} {ergonomic}
   size_t InitialHeapSize                          = 132120576                                 {product} {ergonomic}
   size_t MarkStackSize                            = 4194304                                   {product} {ergonomic}
   size_t MaxHeapSize                              = 2095054848                                {product} {ergonomic}
   size_t MaxNewSize                               = 1256194048                                {product} {ergonomic}
   size_t MinHeapDeltaBytes                        = 1048576                                   {product} {ergonomic}
   size_t MinHeapSize                              = 8388608                                   {product} {ergonomic}
    uintx NonNMethodCodeHeapSize                   = 5832780                                {pd product} {ergonomic}
    uintx NonProfiledCodeHeapSize                  = 122912730                              {pd product} {ergonomic}
    uintx ProfiledCodeHeapSize                     = 122912730                              {pd product} {ergonomic}
    uintx ReservedCodeCacheSize                    = 251658240                              {pd product} {ergonomic}
     bool SegmentedCodeCache                       = true                                      {product} {ergonomic}
   size_t SoftMaxHeapSize                          = 2095054848                             {manageable} {ergonomic}
     bool UseCompressedClassPointers               = true                           {product lp64_product} {ergonomic}
     bool UseCompressedOops                        = true                           {product lp64_product} {ergonomic}
     bool UseG1GC                                  = true                                      {product} {ergonomic}
     bool UseLargePagesIndividualAllocation        = false                                  {pd product} {ergonomic}

Logging:
Log output configuration:
 #0: stdout all=warning uptime,level,tags
 #1: stderr all=off uptime,level,tags

Environment Variables:
PATH=C:\Program Files (x86)\Common Files\Oracle\Java\javapath;C:\Windows\System32\HWAudioDriverLibs;C:\Windows\system32;C:\Windows;C:\Windows\System32\Wbem;C:\Windows\System32\WindowsPowerShell\v1.0\;C:\Windows\System32\OpenSSH\;C:\Users\Administrator\AppData\Local\Microsoft\WindowsApps;C:\Program Files\Git\cmd;C:\WINDOWS\system32;C:\WINDOWS;C:\WINDOWS\System32\Wbem;C:\WINDOWS\System32\WindowsPowerShell\v1.0\;C:\WINDOWS\System32\OpenSSH\;C:\Program Files\nodejs;%JAVA_HOME%\bin;C:\Users\bimur\AppData\Local\Programs\Python\Python311\Scripts\;C:\Users\bimur\AppData\Local\Programs\Python\Python311\;C:\Users\bimur\AppData\Local\Microsoft\WindowsApps;C:\Program Files\JetBrains\IntelliJ IDEA Educational Edition 2022.2\bin;;C:\Program Files\JetBrains\IntelliJ IDEA Community Edition 2022.2.2\bin;;C:\Program Files\JetBrains\PyCharm Community Edition 2022.2.3\bin;;C:\Users\bimur\AppData\Local\Programs\Microsoft VS Code\bin;C:\Program Files\JetBrains\IntelliJ IDEA 2023.3\bin;;C:\Users\bimur\AppData\Roaming\npm;
USERNAME=bimur
OS=Windows_NT
PROCESSOR_IDENTIFIER=Intel64 Family 6 Model 140 Stepping 1, GenuineIntel
TMP=C:\Users\bimur\AppData\Local\Temp
TEMP=C:\Users\bimur\AppData\Local\Temp



Periodic native trim disabled

JNI global refs:
JNI global refs: 8, weak refs: 0

JNI global refs memory usage: 843, weak refs: 841

Process memory usage:
Resident Set Size: 85868K (1% of 8183096K total physical memory with 203860K free physical memory)

OOME stack traces (most recent first):
Classloader memory used:
Loader jdk.internal.loader.ClassLoaders$AppClassLoader                                 : 1143K
Loader bootstrap                                                                       : 1108K
Loader jdk.internal.reflect.DelegatingClassLoader                                      : 4682B


---------------  S Y S T E M  ---------------

OS:
 Windows 11 , 64 bit Build 22621 (10.0.22621.4391)
OS uptime: 4 days 13:24 hours

CPU: total 4 (initial active 4) (2 cores per cpu, 2 threads per core) family 6 model 140 stepping 1 microcode 0x8a, cx8, cmov, fxsr, ht, mmx, 3dnowpref, sse, sse2, sse3, ssse3, sse4.1, sse4.2, popcnt, lzcnt, tsc, tscinvbit, avx, avx2, aes, erms, clmul, bmi1, bmi2, adx, avx512f, avx512dq, avx512cd, avx512bw, avx512vl, sha, fma, vzeroupper, avx512_vpopcntdq, avx512_vpclmulqdq, avx512_vaes, avx512_vnni, clflush, clflushopt, clwb, avx512_vbmi2, avx512_vbmi
Processor Information for all 4 processors :
  Max Mhz: 2995, Current Mhz: 2995, Mhz Limit: 2995

Memory: 4k page, system-wide physical 7991M (199M free)
TotalPageFile size 23351M (AvailPageFile size 4M)
current process WorkingSet (physical memory assigned to process): 83M, peak: 83M
current process commit charge ("private bytes"): 216M, peak: 217M

vm_info: OpenJDK 64-Bit Server VM (17.0.11+0--11852314) for windows-amd64 JRE (17.0.11+0--11852314), built on May 16 2024 21:29:20 by "androidbuild" with MS VC++ 16.10 / 16.11 (VS2019)

END.
