#
# There is insufficient memory for the Java Runtime Environment to continue.
# Native memory allocation (malloc) failed to allocate 507248 bytes. Error detail: Chunk::new
# Possible reasons:
#   The system is out of physical RAM or swap space
#   This process is running with CompressedOops enabled, and the Java Heap may be blocking the growth of the native heap
# Possible solutions:
#   Reduce memory load on the system
#   Increase physical memory or swap space
#   Check if swap backing store is full
#   Decrease Java heap size (-Xmx/-Xms)
#   Decrease number of Java threads
#   Decrease Java thread stack sizes (-Xss)
#   Set larger code cache with -XX:ReservedCodeCacheSize=
#   JVM is running with Unscaled Compressed Oops mode in which the Java heap is
#     placed in the first 4GB address space. The Java Heap base address is the
#     maximum limit for the native heap growth. Please use -XX:HeapBaseMinAddress
#     to set the Java Heap base and to place the Java Heap above 4GB virtual address.
# This output file may be truncated or incomplete.
#
#  Out of Memory Error (arena.cpp:191), pid=22668, tid=3756
#
# JRE version: OpenJDK Runtime Environment (17.0.11) (build 17.0.11+0--11852314)
# Java VM: OpenJDK 64-Bit Server VM (17.0.11+0--11852314, mixed mode, tiered, compressed oops, compressed class ptrs, g1 gc, windows-amd64)
# No core dump will be written. Minidumps are not enabled by default on client versions of Windows
#

---------------  S U M M A R Y ------------

Command Line: org.jetbrains.kotlin.cli.jvm.K2JVMCompiler @C:\Users\bimur\AndroidStudioProjects\AndroidFinal2\app\build\20241102_6362896775032008868.compiler.options

Host: 11th Gen Intel(R) Core(TM) i3-1115G4 @ 3.00GHz, 4 cores, 7G,  Windows 11 , 64 bit Build 22621 (10.0.22621.3958)
Time: Sat Nov  2 11:12:20 2024  Windows 11 , 64 bit Build 22621 (10.0.22621.3958) elapsed time: 22.899178 seconds (0d 0h 0m 22s)

---------------  T H R E A D  ---------------

Current thread (0x00000280e4046340):  JavaThread "C2 CompilerThread0" daemon [_thread_in_native, id=3756, stack(0x0000009f13f00000,0x0000009f14000000)]


Current CompileTask:
C2:  22899 10987       4       org.jetbrains.kotlin.name.ClassId::asSingleFqName (67 bytes)

Stack: [0x0000009f13f00000,0x0000009f14000000]
Native frames: (J=compiled Java code, j=interpreted, Vv=VM code, C=native code)
V  [jvm.dll+0x687bb9]
V  [jvm.dll+0x84142a]
V  [jvm.dll+0x8430ae]
V  [jvm.dll+0x843713]
V  [jvm.dll+0x24a35f]
V  [jvm.dll+0xac544]
V  [jvm.dll+0xacb8c]
V  [jvm.dll+0x369c37]
V  [jvm.dll+0x33416a]
V  [jvm.dll+0x33360a]
V  [jvm.dll+0x21bed1]
V  [jvm.dll+0x21b311]
V  [jvm.dll+0x1a63ed]
V  [jvm.dll+0x22b1ee]
V  [jvm.dll+0x229375]
V  [jvm.dll+0x7f5647]
V  [jvm.dll+0x7efa4a]
V  [jvm.dll+0x686a35]
C  [ucrtbase.dll+0x29333]
C  [KERNEL32.DLL+0x1257d]
C  [ntdll.dll+0x5af08]


---------------  P R O C E S S  ---------------

Threads class SMR info:
_java_thread_list=0x00000280e7539750, length=12, elements={
0x00000280c67ba980, 0x00000280e4014270, 0x00000280e40155d0, 0x00000280dfbfdd20,
0x00000280dfbfe8e0, 0x00000280dfc013b0, 0x00000280e4045740, 0x00000280e4046340,
0x00000280e4046d40, 0x00000280e40495a0, 0x00000280e41b7910, 0x00000280e41be870
}

Java Threads: ( => current thread )
  0x00000280c67ba980 JavaThread "main" [_thread_in_Java, id=15776, stack(0x0000009f13200000,0x0000009f13300000)]
  0x00000280e4014270 JavaThread "Reference Handler" daemon [_thread_blocked, id=18008, stack(0x0000009f13900000,0x0000009f13a00000)]
  0x00000280e40155d0 JavaThread "Finalizer" daemon [_thread_blocked, id=22344, stack(0x0000009f13a00000,0x0000009f13b00000)]
  0x00000280dfbfdd20 JavaThread "Signal Dispatcher" daemon [_thread_blocked, id=20444, stack(0x0000009f13b00000,0x0000009f13c00000)]
  0x00000280dfbfe8e0 JavaThread "Attach Listener" daemon [_thread_blocked, id=17392, stack(0x0000009f13c00000,0x0000009f13d00000)]
  0x00000280dfc013b0 JavaThread "Service Thread" daemon [_thread_blocked, id=23256, stack(0x0000009f13d00000,0x0000009f13e00000)]
  0x00000280e4045740 JavaThread "Monitor Deflation Thread" daemon [_thread_blocked, id=10136, stack(0x0000009f13e00000,0x0000009f13f00000)]
=>0x00000280e4046340 JavaThread "C2 CompilerThread0" daemon [_thread_in_native, id=3756, stack(0x0000009f13f00000,0x0000009f14000000)]
  0x00000280e4046d40 JavaThread "C1 CompilerThread0" daemon [_thread_blocked, id=10804, stack(0x0000009f14000000,0x0000009f14100000)]
  0x00000280e40495a0 JavaThread "Sweeper thread" daemon [_thread_blocked, id=15844, stack(0x0000009f14100000,0x0000009f14200000)]
  0x00000280e41b7910 JavaThread "Notification Thread" daemon [_thread_blocked, id=23468, stack(0x0000009f14200000,0x0000009f14300000)]
  0x00000280e41be870 JavaThread "Common-Cleaner" daemon [_thread_blocked, id=18240, stack(0x0000009f14400000,0x0000009f14500000)]

Other Threads:
  0x00000280dfbeae80 VMThread "VM Thread" [stack: 0x0000009f13800000,0x0000009f13900000] [id=23952]
  0x00000280e41b7df0 WatcherThread [stack: 0x0000009f14300000,0x0000009f14400000] [id=25532]
  0x00000280c6815770 GCTaskThread "GC Thread#0" [stack: 0x0000009f13300000,0x0000009f13400000] [id=20756]
  0x00000280e45dad10 GCTaskThread "GC Thread#1" [stack: 0x0000009f14500000,0x0000009f14600000] [id=18828]
  0x00000280e45db250 GCTaskThread "GC Thread#2" [stack: 0x0000009f14600000,0x0000009f14700000] [id=13712]
  0x00000280e45c9060 GCTaskThread "GC Thread#3" [stack: 0x0000009f14700000,0x0000009f14800000] [id=13936]
  0x00000280c6826080 ConcurrentGCThread "G1 Main Marker" [stack: 0x0000009f13400000,0x0000009f13500000] [id=23332]
  0x00000280c6827240 ConcurrentGCThread "G1 Conc#0" [stack: 0x0000009f13500000,0x0000009f13600000] [id=3744]
  0x00000280dfa424c0 ConcurrentGCThread "G1 Refine#0" [stack: 0x0000009f13600000,0x0000009f13700000] [id=25144]
  0x00000280e63f2b40 ConcurrentGCThread "G1 Refine#1" [stack: 0x0000009f14800000,0x0000009f14900000] [id=20632]
  0x00000280e63f19a0 ConcurrentGCThread "G1 Refine#2" [stack: 0x0000009f14a00000,0x0000009f14b00000] [id=18796]
  0x00000280dfa42ef0 ConcurrentGCThread "G1 Service" [stack: 0x0000009f13700000,0x0000009f13800000] [id=10620]

Threads with active compile tasks:
C2 CompilerThread0    22923 10987       4       org.jetbrains.kotlin.name.ClassId::asSingleFqName (67 bytes)

VM state: not at safepoint (normal execution)

VM Mutex/Monitor currently owned by a thread: None

Heap address: 0x0000000083200000, size: 1998 MB, Compressed Oops mode: 32-bit

CDS archive(s) not mapped
Compressed class space mapped at: 0x0000000100000000-0x0000000140000000, reserved size: 1073741824
Narrow klass base: 0x0000000000000000, Narrow klass shift: 3, Narrow klass range: 0x140000000

GC Precious Log:
 CPUs: 4 total, 4 available
 Memory: 7991M
 Large Page Support: Disabled
 NUMA Support: Disabled
 Compressed Oops: Enabled (32-bit)
 Heap Region Size: 1M
 Heap Min Capacity: 8M
 Heap Initial Capacity: 126M
 Heap Max Capacity: 1998M
 Pre-touch: Disabled
 Parallel Workers: 4
 Concurrent Workers: 1
 Concurrent Refinement Workers: 4
 Periodic GC: Disabled

Heap:
 garbage-first heap   total 149504K, used 101120K [0x0000000083200000, 0x0000000100000000)
  region size 1024K, 46 young (47104K), 8 survivors (8192K)
 Metaspace       used 70148K, committed 70464K, reserved 1114112K
  class space    used 7917K, committed 8064K, reserved 1048576K

Heap Regions: E=young(eden), S=young(survivor), O=old, HS=humongous(starts), HC=humongous(continues), CS=collection set, F=free, OA=open archive, CA=closed archive, TAMS=top-at-mark-start (previous, next)
|   0|0x0000000083200000, 0x0000000083300000, 0x0000000083300000|100%|HS|  |TAMS 0x0000000083300000, 0x0000000083200000| Complete 
|   1|0x0000000083300000, 0x0000000083400000, 0x0000000083400000|100%|HC|  |TAMS 0x0000000083400000, 0x0000000083300000| Complete 
|   2|0x0000000083400000, 0x0000000083500000, 0x0000000083500000|100%|HC|  |TAMS 0x0000000083500000, 0x0000000083400000| Complete 
|   3|0x0000000083500000, 0x0000000083600000, 0x0000000083600000|100%|HC|  |TAMS 0x0000000083600000, 0x0000000083500000| Complete 
|   4|0x0000000083600000, 0x0000000083700000, 0x0000000083700000|100%| O|  |TAMS 0x0000000083700000, 0x0000000083600000| Untracked 
|   5|0x0000000083700000, 0x00000000837fd600, 0x0000000083800000| 98%| O|  |TAMS 0x00000000837fd600, 0x0000000083700000| Untracked 
|   6|0x0000000083800000, 0x0000000083900000, 0x0000000083900000|100%| O|  |TAMS 0x0000000083900000, 0x0000000083800000| Untracked 
|   7|0x0000000083900000, 0x0000000083a00000, 0x0000000083a00000|100%| O|  |TAMS 0x0000000083a00000, 0x0000000083900000| Untracked 
|   8|0x0000000083a00000, 0x0000000083b00000, 0x0000000083b00000|100%| O|  |TAMS 0x0000000083b00000, 0x0000000083a00000| Untracked 
|   9|0x0000000083b00000, 0x0000000083c00000, 0x0000000083c00000|100%| O|  |TAMS 0x0000000083c00000, 0x0000000083b00000| Untracked 
|  10|0x0000000083c00000, 0x0000000083d00000, 0x0000000083d00000|100%| O|  |TAMS 0x0000000083d00000, 0x0000000083c00000| Untracked 
|  11|0x0000000083d00000, 0x0000000083e00000, 0x0000000083e00000|100%| O|  |TAMS 0x0000000083e00000, 0x0000000083d00000| Untracked 
|  12|0x0000000083e00000, 0x0000000083f00000, 0x0000000083f00000|100%| O|  |TAMS 0x0000000083f00000, 0x0000000083e00000| Untracked 
|  13|0x0000000083f00000, 0x0000000084000000, 0x0000000084000000|100%| O|  |TAMS 0x0000000084000000, 0x0000000083f00000| Untracked 
|  14|0x0000000084000000, 0x0000000084100000, 0x0000000084100000|100%| O|  |TAMS 0x0000000084100000, 0x0000000084000000| Untracked 
|  15|0x0000000084100000, 0x00000000841d2a00, 0x0000000084200000| 82%| O|  |TAMS 0x0000000084100000, 0x0000000084100000| Untracked 
|  16|0x0000000084200000, 0x0000000084300000, 0x0000000084300000|100%| O|  |TAMS 0x0000000084300000, 0x0000000084200000| Untracked 
|  17|0x0000000084300000, 0x0000000084400000, 0x0000000084400000|100%| O|  |TAMS 0x0000000084400000, 0x0000000084300000| Untracked 
|  18|0x0000000084400000, 0x0000000084500000, 0x0000000084500000|100%| O|  |TAMS 0x0000000084500000, 0x0000000084400000| Untracked 
|  19|0x0000000084500000, 0x0000000084600000, 0x0000000084600000|100%| O|  |TAMS 0x0000000084600000, 0x0000000084500000| Untracked 
|  20|0x0000000084600000, 0x0000000084700000, 0x0000000084700000|100%| O|  |TAMS 0x0000000084700000, 0x0000000084600000| Untracked 
|  21|0x0000000084700000, 0x0000000084800000, 0x0000000084800000|100%| O|  |TAMS 0x0000000084800000, 0x0000000084700000| Untracked 
|  22|0x0000000084800000, 0x0000000084900000, 0x0000000084900000|100%| O|  |TAMS 0x0000000084900000, 0x0000000084800000| Untracked 
|  23|0x0000000084900000, 0x0000000084a00000, 0x0000000084a00000|100%| O|  |TAMS 0x0000000084a00000, 0x0000000084900000| Untracked 
|  24|0x0000000084a00000, 0x0000000084b00000, 0x0000000084b00000|100%| O|  |TAMS 0x0000000084a00000, 0x0000000084a00000| Untracked 
|  25|0x0000000084b00000, 0x0000000084c00000, 0x0000000084c00000|100%|HS|  |TAMS 0x0000000084b00000, 0x0000000084b00000| Complete 
|  26|0x0000000084c00000, 0x0000000084d00000, 0x0000000084d00000|100%|HC|  |TAMS 0x0000000084c00000, 0x0000000084c00000| Complete 
|  27|0x0000000084d00000, 0x0000000084e00000, 0x0000000084e00000|100%| O|  |TAMS 0x0000000084d00000, 0x0000000084d00000| Untracked 
|  28|0x0000000084e00000, 0x0000000084f00000, 0x0000000084f00000|100%| O|  |TAMS 0x0000000084e00000, 0x0000000084e00000| Untracked 
|  29|0x0000000084f00000, 0x0000000085000000, 0x0000000085000000|100%| O|  |TAMS 0x0000000084f00000, 0x0000000084f00000| Untracked 
|  30|0x0000000085000000, 0x0000000085100000, 0x0000000085100000|100%| O|  |TAMS 0x0000000085000000, 0x0000000085000000| Untracked 
|  31|0x0000000085100000, 0x0000000085200000, 0x0000000085200000|100%| O|  |TAMS 0x0000000085100000, 0x0000000085100000| Untracked 
|  32|0x0000000085200000, 0x0000000085300000, 0x0000000085300000|100%| O|  |TAMS 0x0000000085200000, 0x0000000085200000| Untracked 
|  33|0x0000000085300000, 0x0000000085400000, 0x0000000085400000|100%| O|  |TAMS 0x0000000085300000, 0x0000000085300000| Untracked 
|  34|0x0000000085400000, 0x0000000085500000, 0x0000000085500000|100%| O|  |TAMS 0x0000000085400000, 0x0000000085400000| Untracked 
|  35|0x0000000085500000, 0x0000000085600000, 0x0000000085600000|100%| O|  |TAMS 0x0000000085500000, 0x0000000085500000| Untracked 
|  36|0x0000000085600000, 0x0000000085700000, 0x0000000085700000|100%| O|  |TAMS 0x0000000085600000, 0x0000000085600000| Untracked 
|  37|0x0000000085700000, 0x0000000085800000, 0x0000000085800000|100%| O|  |TAMS 0x0000000085700000, 0x0000000085700000| Untracked 
|  38|0x0000000085800000, 0x0000000085900000, 0x0000000085900000|100%| O|  |TAMS 0x0000000085800000, 0x0000000085800000| Untracked 
|  39|0x0000000085900000, 0x0000000085a00000, 0x0000000085a00000|100%| O|  |TAMS 0x0000000085900000, 0x0000000085900000| Untracked 
|  40|0x0000000085a00000, 0x0000000085b00000, 0x0000000085b00000|100%| O|  |TAMS 0x0000000085a00000, 0x0000000085a00000| Untracked 
|  41|0x0000000085b00000, 0x0000000085c00000, 0x0000000085c00000|100%| O|  |TAMS 0x0000000085b00000, 0x0000000085b00000| Untracked 
|  42|0x0000000085c00000, 0x0000000085d00000, 0x0000000085d00000|100%| O|  |TAMS 0x0000000085c00000, 0x0000000085c00000| Untracked 
|  43|0x0000000085d00000, 0x0000000085e00000, 0x0000000085e00000|100%| O|  |TAMS 0x0000000085d00000, 0x0000000085d00000| Untracked 
|  44|0x0000000085e00000, 0x0000000085f00000, 0x0000000085f00000|100%| O|  |TAMS 0x0000000085e00000, 0x0000000085e00000| Untracked 
|  45|0x0000000085f00000, 0x0000000086000000, 0x0000000086000000|100%| O|  |TAMS 0x0000000085f00000, 0x0000000085f00000| Untracked 
|  46|0x0000000086000000, 0x0000000086100000, 0x0000000086100000|100%| O|  |TAMS 0x0000000086000000, 0x0000000086000000| Untracked 
|  47|0x0000000086100000, 0x0000000086200000, 0x0000000086200000|100%| O|  |TAMS 0x0000000086100000, 0x0000000086100000| Untracked 
|  48|0x0000000086200000, 0x0000000086300000, 0x0000000086300000|100%| O|  |TAMS 0x0000000086200000, 0x0000000086200000| Untracked 
|  49|0x0000000086300000, 0x0000000086400000, 0x0000000086400000|100%| O|  |TAMS 0x0000000086300000, 0x0000000086300000| Untracked 
|  50|0x0000000086400000, 0x0000000086500000, 0x0000000086500000|100%| O|  |TAMS 0x0000000086400000, 0x0000000086400000| Untracked 
|  51|0x0000000086500000, 0x0000000086600000, 0x0000000086600000|100%| O|  |TAMS 0x0000000086500000, 0x0000000086500000| Untracked 
|  52|0x0000000086600000, 0x00000000866f0200, 0x0000000086700000| 93%| O|  |TAMS 0x0000000086600000, 0x0000000086600000| Untracked 
|  53|0x0000000086700000, 0x0000000086700000, 0x0000000086800000|  0%| F|  |TAMS 0x0000000086700000, 0x0000000086700000| Untracked 
|  54|0x0000000086800000, 0x0000000086800000, 0x0000000086900000|  0%| F|  |TAMS 0x0000000086800000, 0x0000000086800000| Untracked 
|  55|0x0000000086900000, 0x0000000086900000, 0x0000000086a00000|  0%| F|  |TAMS 0x0000000086900000, 0x0000000086900000| Untracked 
|  56|0x0000000086a00000, 0x0000000086a00000, 0x0000000086b00000|  0%| F|  |TAMS 0x0000000086a00000, 0x0000000086a00000| Untracked 
|  57|0x0000000086b00000, 0x0000000086b00000, 0x0000000086c00000|  0%| F|  |TAMS 0x0000000086b00000, 0x0000000086b00000| Untracked 
|  58|0x0000000086c00000, 0x0000000086c00000, 0x0000000086d00000|  0%| F|  |TAMS 0x0000000086c00000, 0x0000000086c00000| Untracked 
|  59|0x0000000086d00000, 0x0000000086d00000, 0x0000000086e00000|  0%| F|  |TAMS 0x0000000086d00000, 0x0000000086d00000| Untracked 
|  60|0x0000000086e00000, 0x0000000086e00000, 0x0000000086f00000|  0%| F|  |TAMS 0x0000000086e00000, 0x0000000086e00000| Untracked 
|  61|0x0000000086f00000, 0x0000000086f00000, 0x0000000087000000|  0%| F|  |TAMS 0x0000000086f00000, 0x0000000086f00000| Untracked 
|  62|0x0000000087000000, 0x0000000087000000, 0x0000000087100000|  0%| F|  |TAMS 0x0000000087000000, 0x0000000087000000| Untracked 
|  63|0x0000000087100000, 0x0000000087100000, 0x0000000087200000|  0%| F|  |TAMS 0x0000000087100000, 0x0000000087100000| Untracked 
|  64|0x0000000087200000, 0x0000000087200000, 0x0000000087300000|  0%| F|  |TAMS 0x0000000087200000, 0x0000000087200000| Untracked 
|  65|0x0000000087300000, 0x0000000087300000, 0x0000000087400000|  0%| F|  |TAMS 0x0000000087300000, 0x0000000087300000| Untracked 
|  66|0x0000000087400000, 0x0000000087400000, 0x0000000087500000|  0%| F|  |TAMS 0x0000000087400000, 0x0000000087400000| Untracked 
|  67|0x0000000087500000, 0x0000000087500000, 0x0000000087600000|  0%| F|  |TAMS 0x0000000087500000, 0x0000000087500000| Untracked 
|  68|0x0000000087600000, 0x0000000087600000, 0x0000000087700000|  0%| F|  |TAMS 0x0000000087600000, 0x0000000087600000| Untracked 
|  69|0x0000000087700000, 0x0000000087700000, 0x0000000087800000|  0%| F|  |TAMS 0x0000000087700000, 0x0000000087700000| Untracked 
|  70|0x0000000087800000, 0x0000000087800000, 0x0000000087900000|  0%| F|  |TAMS 0x0000000087800000, 0x0000000087800000| Untracked 
|  71|0x0000000087900000, 0x0000000087900000, 0x0000000087a00000|  0%| F|  |TAMS 0x0000000087900000, 0x0000000087900000| Untracked 
|  72|0x0000000087a00000, 0x0000000087a00000, 0x0000000087b00000|  0%| F|  |TAMS 0x0000000087a00000, 0x0000000087a00000| Untracked 
|  73|0x0000000087b00000, 0x0000000087b00000, 0x0000000087c00000|  0%| F|  |TAMS 0x0000000087b00000, 0x0000000087b00000| Untracked 
|  74|0x0000000087c00000, 0x0000000087c00000, 0x0000000087d00000|  0%| F|  |TAMS 0x0000000087c00000, 0x0000000087c00000| Untracked 
|  75|0x0000000087d00000, 0x0000000087d00000, 0x0000000087e00000|  0%| F|  |TAMS 0x0000000087d00000, 0x0000000087d00000| Untracked 
|  76|0x0000000087e00000, 0x0000000087e00000, 0x0000000087f00000|  0%| F|  |TAMS 0x0000000087e00000, 0x0000000087e00000| Untracked 
|  77|0x0000000087f00000, 0x0000000087f00000, 0x0000000088000000|  0%| F|  |TAMS 0x0000000087f00000, 0x0000000087f00000| Untracked 
|  78|0x0000000088000000, 0x0000000088000000, 0x0000000088100000|  0%| F|  |TAMS 0x0000000088000000, 0x0000000088000000| Untracked 
|  79|0x0000000088100000, 0x0000000088100000, 0x0000000088200000|  0%| F|  |TAMS 0x0000000088100000, 0x0000000088100000| Untracked 
|  80|0x0000000088200000, 0x0000000088200000, 0x0000000088300000|  0%| F|  |TAMS 0x0000000088200000, 0x0000000088200000| Untracked 
|  81|0x0000000088300000, 0x0000000088300000, 0x0000000088400000|  0%| F|  |TAMS 0x0000000088300000, 0x0000000088300000| Untracked 
|  82|0x0000000088400000, 0x0000000088400000, 0x0000000088500000|  0%| F|  |TAMS 0x0000000088400000, 0x0000000088400000| Untracked 
|  83|0x0000000088500000, 0x0000000088600000, 0x0000000088600000|100%| S|CS|TAMS 0x0000000088500000, 0x0000000088500000| Complete 
|  84|0x0000000088600000, 0x0000000088700000, 0x0000000088700000|100%| S|CS|TAMS 0x0000000088600000, 0x0000000088600000| Complete 
|  85|0x0000000088700000, 0x0000000088800000, 0x0000000088800000|100%| S|CS|TAMS 0x0000000088700000, 0x0000000088700000| Complete 
|  86|0x0000000088800000, 0x0000000088900000, 0x0000000088900000|100%| S|CS|TAMS 0x0000000088800000, 0x0000000088800000| Complete 
|  87|0x0000000088900000, 0x0000000088a00000, 0x0000000088a00000|100%| S|CS|TAMS 0x0000000088900000, 0x0000000088900000| Complete 
|  88|0x0000000088a00000, 0x0000000088b00000, 0x0000000088b00000|100%| S|CS|TAMS 0x0000000088a00000, 0x0000000088a00000| Complete 
|  89|0x0000000088b00000, 0x0000000088c00000, 0x0000000088c00000|100%| S|CS|TAMS 0x0000000088b00000, 0x0000000088b00000| Complete 
|  90|0x0000000088c00000, 0x0000000088d00000, 0x0000000088d00000|100%| S|CS|TAMS 0x0000000088c00000, 0x0000000088c00000| Complete 
|  91|0x0000000088d00000, 0x0000000088d00000, 0x0000000088e00000|  0%| F|  |TAMS 0x0000000088d00000, 0x0000000088d00000| Untracked 
|  92|0x0000000088e00000, 0x0000000088e00000, 0x0000000088f00000|  0%| F|  |TAMS 0x0000000088e00000, 0x0000000088e00000| Untracked 
|  93|0x0000000088f00000, 0x0000000088f00000, 0x0000000089000000|  0%| F|  |TAMS 0x0000000088f00000, 0x0000000088f00000| Untracked 
|  94|0x0000000089000000, 0x0000000089000000, 0x0000000089100000|  0%| F|  |TAMS 0x0000000089000000, 0x0000000089000000| Untracked 
|  95|0x0000000089100000, 0x0000000089100000, 0x0000000089200000|  0%| F|  |TAMS 0x0000000089100000, 0x0000000089100000| Untracked 
|  96|0x0000000089200000, 0x0000000089200000, 0x0000000089300000|  0%| F|  |TAMS 0x0000000089200000, 0x0000000089200000| Untracked 
|  97|0x0000000089300000, 0x0000000089300000, 0x0000000089400000|  0%| F|  |TAMS 0x0000000089300000, 0x0000000089300000| Untracked 
|  98|0x0000000089400000, 0x0000000089400000, 0x0000000089500000|  0%| F|  |TAMS 0x0000000089400000, 0x0000000089400000| Untracked 
|  99|0x0000000089500000, 0x0000000089500000, 0x0000000089600000|  0%| F|  |TAMS 0x0000000089500000, 0x0000000089500000| Untracked 
| 100|0x0000000089600000, 0x0000000089600000, 0x0000000089700000|  0%| F|  |TAMS 0x0000000089600000, 0x0000000089600000| Untracked 
| 101|0x0000000089700000, 0x0000000089700000, 0x0000000089800000|  0%| F|  |TAMS 0x0000000089700000, 0x0000000089700000| Untracked 
| 102|0x0000000089800000, 0x0000000089800000, 0x0000000089900000|  0%| F|  |TAMS 0x0000000089800000, 0x0000000089800000| Untracked 
| 103|0x0000000089900000, 0x0000000089900000, 0x0000000089a00000|  0%| F|  |TAMS 0x0000000089900000, 0x0000000089900000| Untracked 
| 104|0x0000000089a00000, 0x0000000089a00000, 0x0000000089b00000|  0%| F|  |TAMS 0x0000000089a00000, 0x0000000089a00000| Untracked 
| 105|0x0000000089b00000, 0x0000000089b00000, 0x0000000089c00000|  0%| F|  |TAMS 0x0000000089b00000, 0x0000000089b00000| Untracked 
| 106|0x0000000089c00000, 0x0000000089c00000, 0x0000000089d00000|  0%| F|  |TAMS 0x0000000089c00000, 0x0000000089c00000| Untracked 
| 107|0x0000000089d00000, 0x0000000089e00000, 0x0000000089e00000|100%| E|  |TAMS 0x0000000089d00000, 0x0000000089d00000| Complete 
| 108|0x0000000089e00000, 0x0000000089f00000, 0x0000000089f00000|100%| E|CS|TAMS 0x0000000089e00000, 0x0000000089e00000| Complete 
| 109|0x0000000089f00000, 0x000000008a000000, 0x000000008a000000|100%| E|CS|TAMS 0x0000000089f00000, 0x0000000089f00000| Complete 
| 110|0x000000008a000000, 0x000000008a100000, 0x000000008a100000|100%| E|CS|TAMS 0x000000008a000000, 0x000000008a000000| Complete 
| 111|0x000000008a100000, 0x000000008a200000, 0x000000008a200000|100%| E|CS|TAMS 0x000000008a100000, 0x000000008a100000| Complete 
| 112|0x000000008a200000, 0x000000008a300000, 0x000000008a300000|100%| E|CS|TAMS 0x000000008a200000, 0x000000008a200000| Complete 
| 113|0x000000008a300000, 0x000000008a400000, 0x000000008a400000|100%| E|CS|TAMS 0x000000008a300000, 0x000000008a300000| Complete 
| 114|0x000000008a400000, 0x000000008a500000, 0x000000008a500000|100%| E|CS|TAMS 0x000000008a400000, 0x000000008a400000| Complete 
| 115|0x000000008a500000, 0x000000008a600000, 0x000000008a600000|100%| E|CS|TAMS 0x000000008a500000, 0x000000008a500000| Complete 
| 116|0x000000008a600000, 0x000000008a700000, 0x000000008a700000|100%| E|CS|TAMS 0x000000008a600000, 0x000000008a600000| Complete 
| 117|0x000000008a700000, 0x000000008a800000, 0x000000008a800000|100%| E|CS|TAMS 0x000000008a700000, 0x000000008a700000| Complete 
| 118|0x000000008a800000, 0x000000008a900000, 0x000000008a900000|100%| E|CS|TAMS 0x000000008a800000, 0x000000008a800000| Complete 
| 119|0x000000008a900000, 0x000000008aa00000, 0x000000008aa00000|100%| E|CS|TAMS 0x000000008a900000, 0x000000008a900000| Complete 
| 120|0x000000008aa00000, 0x000000008ab00000, 0x000000008ab00000|100%| E|CS|TAMS 0x000000008aa00000, 0x000000008aa00000| Complete 
| 121|0x000000008ab00000, 0x000000008ac00000, 0x000000008ac00000|100%| E|CS|TAMS 0x000000008ab00000, 0x000000008ab00000| Complete 
| 122|0x000000008ac00000, 0x000000008ad00000, 0x000000008ad00000|100%| E|CS|TAMS 0x000000008ac00000, 0x000000008ac00000| Complete 
| 123|0x000000008ad00000, 0x000000008ae00000, 0x000000008ae00000|100%| E|CS|TAMS 0x000000008ad00000, 0x000000008ad00000| Complete 
| 124|0x000000008ae00000, 0x000000008af00000, 0x000000008af00000|100%| E|CS|TAMS 0x000000008ae00000, 0x000000008ae00000| Complete 
| 125|0x000000008af00000, 0x000000008b000000, 0x000000008b000000|100%| E|CS|TAMS 0x000000008af00000, 0x000000008af00000| Complete 
| 126|0x000000008b000000, 0x000000008b100000, 0x000000008b100000|100%| E|CS|TAMS 0x000000008b000000, 0x000000008b000000| Complete 
| 127|0x000000008b100000, 0x000000008b200000, 0x000000008b200000|100%| E|CS|TAMS 0x000000008b100000, 0x000000008b100000| Complete 
| 128|0x000000008b200000, 0x000000008b300000, 0x000000008b300000|100%| E|CS|TAMS 0x000000008b200000, 0x000000008b200000| Complete 
| 129|0x000000008b300000, 0x000000008b400000, 0x000000008b400000|100%| E|CS|TAMS 0x000000008b300000, 0x000000008b300000| Complete 
| 130|0x000000008b400000, 0x000000008b500000, 0x000000008b500000|100%| E|CS|TAMS 0x000000008b400000, 0x000000008b400000| Complete 
| 131|0x000000008b500000, 0x000000008b600000, 0x000000008b600000|100%| E|CS|TAMS 0x000000008b500000, 0x000000008b500000| Complete 
| 132|0x000000008b600000, 0x000000008b700000, 0x000000008b700000|100%| E|CS|TAMS 0x000000008b600000, 0x000000008b600000| Complete 
| 133|0x000000008b700000, 0x000000008b800000, 0x000000008b800000|100%| E|CS|TAMS 0x000000008b700000, 0x000000008b700000| Complete 
| 134|0x000000008b800000, 0x000000008b900000, 0x000000008b900000|100%| E|CS|TAMS 0x000000008b800000, 0x000000008b800000| Complete 
| 135|0x000000008b900000, 0x000000008ba00000, 0x000000008ba00000|100%| E|CS|TAMS 0x000000008b900000, 0x000000008b900000| Complete 
| 136|0x000000008ba00000, 0x000000008bb00000, 0x000000008bb00000|100%| E|CS|TAMS 0x000000008ba00000, 0x000000008ba00000| Complete 
| 137|0x000000008bb00000, 0x000000008bc00000, 0x000000008bc00000|100%| E|CS|TAMS 0x000000008bb00000, 0x000000008bb00000| Complete 
| 138|0x000000008bc00000, 0x000000008bd00000, 0x000000008bd00000|100%| E|CS|TAMS 0x000000008bc00000, 0x000000008bc00000| Complete 
| 139|0x000000008bd00000, 0x000000008be00000, 0x000000008be00000|100%| E|CS|TAMS 0x000000008bd00000, 0x000000008bd00000| Complete 
| 140|0x000000008be00000, 0x000000008bf00000, 0x000000008bf00000|100%| E|CS|TAMS 0x000000008be00000, 0x000000008be00000| Complete 
| 141|0x000000008bf00000, 0x000000008c000000, 0x000000008c000000|100%| E|CS|TAMS 0x000000008bf00000, 0x000000008bf00000| Complete 
| 142|0x000000008c000000, 0x000000008c100000, 0x000000008c100000|100%| E|CS|TAMS 0x000000008c000000, 0x000000008c000000| Complete 
| 143|0x000000008c100000, 0x000000008c200000, 0x000000008c200000|100%| E|CS|TAMS 0x000000008c100000, 0x000000008c100000| Complete 
| 144|0x000000008c200000, 0x000000008c300000, 0x000000008c300000|100%| E|CS|TAMS 0x000000008c200000, 0x000000008c200000| Complete 
|1997|0x00000000fff00000, 0x0000000100000000, 0x0000000100000000|100%| O|  |TAMS 0x0000000100000000, 0x00000000fff00000| Untracked 

Card table byte_map: [0x00000280d9080000,0x00000280d9470000] _byte_map_base: 0x00000280d8c67000

Marking Bits (Prev, Next): (CMBitMap*) 0x00000280c6815dd0, (CMBitMap*) 0x00000280c6815d90
 Prev Bits: [0x00000280db7a0000, 0x00000280dd6d8000)
 Next Bits: [0x00000280d9860000, 0x00000280db798000)

Polling page: 0x00000280c46d0000

Metaspace:

Usage:
  Non-class:     60.78 MB used.
      Class:      7.73 MB used.
       Both:     68.51 MB used.

Virtual space:
  Non-class space:       64.00 MB reserved,      60.94 MB ( 95%) committed,  1 nodes.
      Class space:        1.00 GB reserved,       7.88 MB ( <1%) committed,  1 nodes.
             Both:        1.06 GB reserved,      68.81 MB (  6%) committed. 

Chunk freelists:
   Non-Class:  2.75 MB
       Class:  8.14 MB
        Both:  10.89 MB

MaxMetaspaceSize: unlimited
CompressedClassSpaceSize: 1.00 GB
Initial GC threshold: 21.00 MB
Current GC threshold: 76.06 MB
CDS: off
MetaspaceReclaimPolicy: balanced
 - commit_granule_bytes: 65536.
 - commit_granule_words: 8192.
 - virtual_space_node_default_size: 8388608.
 - enlarge_chunks_in_place: 1.
 - new_chunks_are_fully_committed: 0.
 - uncommit_free_chunks: 1.
 - use_allocation_guard: 0.
 - handle_deallocations: 1.


Internal statistics:

num_allocs_failed_limit: 3.
num_arena_births: 308.
num_arena_deaths: 0.
num_vsnodes_births: 2.
num_vsnodes_deaths: 0.
num_space_committed: 1099.
num_space_uncommitted: 0.
num_chunks_returned_to_freelist: 3.
num_chunks_taken_from_freelist: 2567.
num_chunk_merges: 3.
num_chunk_splits: 2064.
num_chunks_enlarged: 1803.
num_inconsistent_stats: 0.

CodeHeap 'non-profiled nmethods': size=120000Kb used=4993Kb max_used=5300Kb free=115006Kb
 bounds [0x00000280d1760000, 0x00000280d1c90000, 0x00000280d8c90000]
CodeHeap 'profiled nmethods': size=120000Kb used=26157Kb max_used=28409Kb free=93842Kb
 bounds [0x00000280c9c90000, 0x00000280cb850000, 0x00000280d11c0000]
CodeHeap 'non-nmethods': size=5760Kb used=1376Kb max_used=1407Kb free=4383Kb
 bounds [0x00000280d11c0000, 0x00000280d1430000, 0x00000280d1760000]
 total_blobs=9764 nmethods=9071 adapters=602
 compilation: enabled
              stopped_count=0, restarted_count=0
 full_count=0

Compilation events (20 events):
Event: 22.878 Thread 0x00000280e4046d40 nmethod 10977 0x00000280cab4e290 code [0x00000280cab4e440, 0x00000280cab4e628]
Event: 22.878 Thread 0x00000280e4046d40 10978       3       org.jetbrains.kotlin.descriptors.impl.PropertyDescriptorImpl$CopyConfiguration::setModality (25 bytes)
Event: 22.878 Thread 0x00000280e4046d40 nmethod 10978 0x00000280cb603010 code [0x00000280cb6031c0, 0x00000280cb6033a8]
Event: 22.878 Thread 0x00000280e4046d40 10979       3       org.jetbrains.kotlin.descriptors.impl.PropertyDescriptorImpl$CopyConfiguration::setVisibility (25 bytes)
Event: 22.878 Thread 0x00000280e4046d40 nmethod 10979 0x00000280c9f12790 code [0x00000280c9f12940, 0x00000280c9f12b28]
Event: 22.878 Thread 0x00000280e4046d40 10980       3       org.jetbrains.kotlin.descriptors.impl.PropertyDescriptorImpl$CopyConfiguration::setKind (25 bytes)
Event: 22.878 Thread 0x00000280e4046d40 nmethod 10980 0x00000280ca231e90 code [0x00000280ca232040, 0x00000280ca232228]
Event: 22.879 Thread 0x00000280e4046d40 10981       3       org.jetbrains.kotlin.descriptors.impl.PropertyDescriptorImpl$CopyConfiguration::setCopyOverrides (16 bytes)
Event: 22.879 Thread 0x00000280e4046d40 nmethod 10981 0x00000280c9f80d90 code [0x00000280c9f80f20, 0x00000280c9f81038]
Event: 22.879 Thread 0x00000280e4046d40 10982       1       org.jetbrains.kotlin.load.java.structure.impl.classFiles.BinaryJavaField::getType (5 bytes)
Event: 22.879 Thread 0x00000280e4046d40 nmethod 10982 0x00000280d1c38490 code [0x00000280d1c38620, 0x00000280d1c386f8]
Event: 22.879 Thread 0x00000280e4046d40 10983       3       org.jetbrains.kotlin.load.java.lazy.descriptors.LazyJavaScope::isFinalStatic (24 bytes)
Event: 22.879 Thread 0x00000280e4046d40 nmethod 10983 0x00000280ca40e690 code [0x00000280ca40e840, 0x00000280ca40eb58]
Event: 22.880 Thread 0x00000280e4046340 10984       4       org.jetbrains.kotlin.descriptors.impl.PropertyDescriptorImpl::getVisibility (14 bytes)
Event: 22.880 Thread 0x00000280e4046340 nmethod 10984 0x00000280d1c38190 code [0x00000280d1c38300, 0x00000280d1c38398]
Event: 22.880 Thread 0x00000280e4046d40 10985       1       org.jetbrains.kotlin.load.java.structure.impl.classFiles.BinaryJavaField::getInitializerValue (5 bytes)
Event: 22.881 Thread 0x00000280e4046d40 nmethod 10985 0x00000280d1c37d10 code [0x00000280d1c37ea0, 0x00000280d1c37f78]
Event: 22.881 Thread 0x00000280e4046340 10986       4       org.jetbrains.kotlin.types.AbstractTypeConstructor::getSupertypes (8 bytes)
Event: 22.883 Thread 0x00000280e4046340 nmethod 10986 0x00000280d1c36910 code [0x00000280d1c36aa0, 0x00000280d1c36be8]
Event: 22.883 Thread 0x00000280e4046340 10987       4       org.jetbrains.kotlin.name.ClassId::asSingleFqName (67 bytes)

GC Heap History (20 events):
Event: 6.877 GC heap before
{Heap before GC invocations=19 (full 0):
 garbage-first heap   total 51200K, used 35678K [0x0000000083200000, 0x0000000100000000)
  region size 1024K, 12 young (12288K), 1 survivors (1024K)
 Metaspace       used 46493K, committed 46784K, reserved 1114112K
  class space    used 5643K, committed 5760K, reserved 1048576K
}
Event: 6.882 GC heap after
{Heap after GC invocations=20 (full 0):
 garbage-first heap   total 51200K, used 27637K [0x0000000083200000, 0x0000000100000000)
  region size 1024K, 2 young (2048K), 2 survivors (2048K)
 Metaspace       used 46493K, committed 46784K, reserved 1114112K
  class space    used 5643K, committed 5760K, reserved 1048576K
}
Event: 6.936 GC heap before
{Heap before GC invocations=20 (full 0):
 garbage-first heap   total 51200K, used 38901K [0x0000000083200000, 0x0000000100000000)
  region size 1024K, 13 young (13312K), 2 survivors (2048K)
 Metaspace       used 46596K, committed 46848K, reserved 1114112K
  class space    used 5647K, committed 5760K, reserved 1048576K
}
Event: 6.939 GC heap after
{Heap after GC invocations=21 (full 0):
 garbage-first heap   total 116736K, used 27005K [0x0000000083200000, 0x0000000100000000)
  region size 1024K, 1 young (1024K), 1 survivors (1024K)
 Metaspace       used 46596K, committed 46848K, reserved 1114112K
  class space    used 5647K, committed 5760K, reserved 1048576K
}
Event: 9.196 GC heap before
{Heap before GC invocations=22 (full 0):
 garbage-first heap   total 96256K, used 82301K [0x0000000083200000, 0x0000000100000000)
  region size 1024K, 54 young (55296K), 1 survivors (1024K)
 Metaspace       used 55094K, committed 55296K, reserved 1114112K
  class space    used 6637K, committed 6720K, reserved 1048576K
}
Event: 9.210 GC heap after
{Heap after GC invocations=23 (full 0):
 garbage-first heap   total 96256K, used 36672K [0x0000000083200000, 0x0000000100000000)
  region size 1024K, 7 young (7168K), 7 survivors (7168K)
 Metaspace       used 55094K, committed 55296K, reserved 1114112K
  class space    used 6637K, committed 6720K, reserved 1048576K
}
Event: 9.260 GC heap before
{Heap before GC invocations=23 (full 0):
 garbage-first heap   total 96256K, used 37696K [0x0000000083200000, 0x0000000100000000)
  region size 1024K, 8 young (8192K), 7 survivors (7168K)
 Metaspace       used 55145K, committed 55360K, reserved 1114112K
  class space    used 6639K, committed 6720K, reserved 1048576K
}
Event: 9.270 GC heap after
{Heap after GC invocations=24 (full 0):
 garbage-first heap   total 96256K, used 36637K [0x0000000083200000, 0x0000000100000000)
  region size 1024K, 1 young (1024K), 1 survivors (1024K)
 Metaspace       used 55145K, committed 55360K, reserved 1114112K
  class space    used 6639K, committed 6720K, reserved 1048576K
}
Event: 10.575 GC heap before
{Heap before GC invocations=24 (full 0):
 garbage-first heap   total 96256K, used 71453K [0x0000000083200000, 0x0000000100000000)
  region size 1024K, 35 young (35840K), 1 survivors (1024K)
 Metaspace       used 57105K, committed 57344K, reserved 1114112K
  class space    used 6758K, committed 6848K, reserved 1048576K
}
Event: 10.591 GC heap after
{Heap after GC invocations=25 (full 0):
 garbage-first heap   total 96256K, used 42789K [0x0000000083200000, 0x0000000100000000)
  region size 1024K, 5 young (5120K), 5 survivors (5120K)
 Metaspace       used 57105K, committed 57344K, reserved 1114112K
  class space    used 6758K, committed 6848K, reserved 1048576K
}
Event: 12.090 GC heap before
{Heap before GC invocations=25 (full 0):
 garbage-first heap   total 96256K, used 72485K [0x0000000083200000, 0x0000000100000000)
  region size 1024K, 34 young (34816K), 5 survivors (5120K)
 Metaspace       used 59588K, committed 59840K, reserved 1114112K
  class space    used 7043K, committed 7168K, reserved 1048576K
}
Event: 12.104 GC heap after
{Heap after GC invocations=26 (full 0):
 garbage-first heap   total 96256K, used 46954K [0x0000000083200000, 0x0000000100000000)
  region size 1024K, 4 young (4096K), 4 survivors (4096K)
 Metaspace       used 59588K, committed 59840K, reserved 1114112K
  class space    used 7043K, committed 7168K, reserved 1048576K
}
Event: 12.784 GC heap before
{Heap before GC invocations=26 (full 0):
 garbage-first heap   total 96256K, used 73578K [0x0000000083200000, 0x0000000100000000)
  region size 1024K, 30 young (30720K), 4 survivors (4096K)
 Metaspace       used 60293K, committed 60544K, reserved 1114112K
  class space    used 7094K, committed 7232K, reserved 1048576K
}
Event: 12.795 GC heap after
{Heap after GC invocations=27 (full 0):
 garbage-first heap   total 96256K, used 50866K [0x0000000083200000, 0x0000000100000000)
  region size 1024K, 4 young (4096K), 4 survivors (4096K)
 Metaspace       used 60293K, committed 60544K, reserved 1114112K
  class space    used 7094K, committed 7232K, reserved 1048576K
}
Event: 13.830 GC heap before
{Heap before GC invocations=27 (full 0):
 garbage-first heap   total 96256K, used 75442K [0x0000000083200000, 0x0000000100000000)
  region size 1024K, 28 young (28672K), 4 survivors (4096K)
 Metaspace       used 61602K, committed 61888K, reserved 1114112K
  class space    used 7168K, committed 7296K, reserved 1048576K
}
Event: 13.842 GC heap after
{Heap after GC invocations=28 (full 0):
 garbage-first heap   total 96256K, used 54080K [0x0000000083200000, 0x0000000100000000)
  region size 1024K, 3 young (3072K), 3 survivors (3072K)
 Metaspace       used 61602K, committed 61888K, reserved 1114112K
  class space    used 7168K, committed 7296K, reserved 1048576K
}
Event: 14.940 GC heap before
{Heap before GC invocations=28 (full 0):
 garbage-first heap   total 96256K, used 76608K [0x0000000083200000, 0x0000000100000000)
  region size 1024K, 25 young (25600K), 3 survivors (3072K)
 Metaspace       used 62807K, committed 63168K, reserved 1114112K
  class space    used 7242K, committed 7424K, reserved 1048576K
}
Event: 14.952 GC heap after
{Heap after GC invocations=29 (full 0):
 garbage-first heap   total 149504K, used 57394K [0x0000000083200000, 0x0000000100000000)
  region size 1024K, 3 young (3072K), 3 survivors (3072K)
 Metaspace       used 62807K, committed 63168K, reserved 1114112K
  class space    used 7242K, committed 7424K, reserved 1048576K
}
Event: 19.016 GC heap before
{Heap before GC invocations=29 (full 0):
 garbage-first heap   total 149504K, used 113714K [0x0000000083200000, 0x0000000100000000)
  region size 1024K, 57 young (58368K), 3 survivors (3072K)
 Metaspace       used 63815K, committed 64128K, reserved 1114112K
  class space    used 7265K, committed 7424K, reserved 1048576K
}
Event: 19.029 GC heap after
{Heap after GC invocations=30 (full 0):
 garbage-first heap   total 149504K, used 63232K [0x0000000083200000, 0x0000000100000000)
  region size 1024K, 8 young (8192K), 8 survivors (8192K)
 Metaspace       used 63815K, committed 64128K, reserved 1114112K
  class space    used 7265K, committed 7424K, reserved 1048576K
}

Dll operation events (2 events):
Event: 0.010 Loaded shared library C:\Program Files\Android\Android Studio\jbr\bin\java.dll
Event: 3.133 Loaded shared library C:\Program Files\Android\Android Studio\jbr\bin\verify.dll

Deoptimization events (20 events):
Event: 21.686 Thread 0x00000280c67ba980 DEOPT PACKING pc=0x00000280d1adba28 sp=0x0000009f132fe640
Event: 21.686 Thread 0x00000280c67ba980 DEOPT UNPACKING pc=0x00000280d121a1a3 sp=0x0000009f132fe600 mode 2
Event: 21.856 Thread 0x00000280c67ba980 Uncommon trap: trap_request=0xffffffc6 fr.pc=0x00000280d187f60c relative=0x000000000000062c
Event: 21.856 Thread 0x00000280c67ba980 Uncommon trap: reason=bimorphic_or_optimized_type_check action=maybe_recompile pc=0x00000280d187f60c method=org.jetbrains.kotlin.storage.LockBasedStorageManager$LockBasedLazyValue.invoke()Ljava/lang/Object; @ 181 c2
Event: 21.856 Thread 0x00000280c67ba980 DEOPT PACKING pc=0x00000280d187f60c sp=0x0000009f132fe580
Event: 21.856 Thread 0x00000280c67ba980 DEOPT UNPACKING pc=0x00000280d121a1a3 sp=0x0000009f132fe4d0 mode 2
Event: 21.856 Thread 0x00000280c67ba980 Uncommon trap: trap_request=0xffffffc6 fr.pc=0x00000280d1b884f4 relative=0x0000000000000eb4
Event: 21.856 Thread 0x00000280c67ba980 Uncommon trap: reason=bimorphic_or_optimized_type_check action=maybe_recompile pc=0x00000280d1b884f4 method=org.jetbrains.kotlin.types.KotlinTypeFactory.computeMemberScope(Lorg/jetbrains/kotlin/types/TypeConstructor;Ljava/util/List;Lorg/jetbrains/kotlin/t
Event: 21.856 Thread 0x00000280c67ba980 DEOPT PACKING pc=0x00000280d1b884f4 sp=0x0000009f132fe4e0
Event: 21.856 Thread 0x00000280c67ba980 DEOPT UNPACKING pc=0x00000280d121a1a3 sp=0x0000009f132fe3d0 mode 2
Event: 21.856 Thread 0x00000280c67ba980 Uncommon trap: trap_request=0xffffffc6 fr.pc=0x00000280d187f60c relative=0x000000000000062c
Event: 21.856 Thread 0x00000280c67ba980 Uncommon trap: reason=bimorphic_or_optimized_type_check action=maybe_recompile pc=0x00000280d187f60c method=org.jetbrains.kotlin.storage.LockBasedStorageManager$LockBasedLazyValue.invoke()Ljava/lang/Object; @ 181 c2
Event: 21.856 Thread 0x00000280c67ba980 DEOPT PACKING pc=0x00000280d187f60c sp=0x0000009f132fe340
Event: 21.856 Thread 0x00000280c67ba980 DEOPT UNPACKING pc=0x00000280d121a1a3 sp=0x0000009f132fe290 mode 2
Event: 22.405 Thread 0x00000280c67ba980 Uncommon trap: trap_request=0xffffff45 fr.pc=0x00000280d17cabe0 relative=0x0000000000000320
Event: 22.405 Thread 0x00000280c67ba980 Uncommon trap: reason=unstable_if action=reinterpret pc=0x00000280d17cabe0 method=java.util.HashMap.hash(Ljava/lang/Object;)I @ 1 c2
Event: 22.405 Thread 0x00000280c67ba980 DEOPT PACKING pc=0x00000280d17cabe0 sp=0x0000009f132fa780
Event: 22.405 Thread 0x00000280c67ba980 DEOPT UNPACKING pc=0x00000280d121a1a3 sp=0x0000009f132fa628 mode 2
Event: 22.592 Thread 0x00000280c67ba980 DEOPT PACKING pc=0x00000280cb80e1ec sp=0x0000009f132fdd50
Event: 22.592 Thread 0x00000280c67ba980 DEOPT UNPACKING pc=0x00000280d121ace3 sp=0x0000009f132fd398 mode 0

Classes unloaded (0 events):
No events

Classes redefined (0 events):
No events

Internal exceptions (20 events):
Event: 10.453 Thread 0x00000280c67ba980 Exception <a 'java/lang/NoSuchMethodError'{0x0000000086e116e0}: 'java.lang.Object java.lang.invoke.DirectMethodHandle$Holder.newInvokeSpecial(java.lang.Object, int, java.lang.Object)'> (0x0000000086e116e0) 
thrown [s\src\hotspot\share\interpreter\linkResolver.cpp, line 771]
Event: 10.456 Thread 0x00000280c67ba980 Implicit null exception at 0x00000280d17ac18e to 0x00000280d17ac3e4
Event: 10.456 Thread 0x00000280c67ba980 Implicit null exception at 0x00000280d17bdb0f to 0x00000280d17bdb85
Event: 10.493 Thread 0x00000280c67ba980 Exception <a 'java/lang/NoSuchMethodError'{0x0000000086e7fc20}: 'java.lang.Object java.lang.invoke.DirectMethodHandle$Holder.invokeStatic(java.lang.Object, int, java.lang.Object)'> (0x0000000086e7fc20) 
thrown [s\src\hotspot\share\interpreter\linkResolver.cpp, line 771]
Event: 11.088 Thread 0x00000280c67ba980 Implicit null exception at 0x00000280d1861709 to 0x00000280d18617f0
Event: 11.088 Thread 0x00000280c67ba980 Implicit null exception at 0x00000280d17c50d8 to 0x00000280d17c516a
Event: 11.144 Thread 0x00000280c67ba980 Exception <a 'java/lang/NoSuchMethodError'{0x00000000884d1680}: 'java.lang.Object java.lang.invoke.DirectMethodHandle$Holder.invokeInterface(java.lang.Object, java.lang.Object, java.lang.Object)'> (0x00000000884d1680) 
thrown [s\src\hotspot\share\interpreter\linkResolver.cpp, line 771]
Event: 11.144 Thread 0x00000280c67ba980 Exception <a 'java/lang/IncompatibleClassChangeError'{0x00000000884d4ff0}: Found class java.lang.Object, but interface was expected> (0x00000000884d4ff0) 
thrown [s\src\hotspot\share\interpreter\linkResolver.cpp, line 838]
Event: 11.665 Thread 0x00000280c67ba980 Implicit null exception at 0x00000280d19ecc3c to 0x00000280d19ed4fc
Event: 11.791 Thread 0x00000280c67ba980 Exception <a 'java/lang/NoSuchMethodError'{0x00000000879e1130}: 'int java.lang.invoke.DirectMethodHandle$Holder.invokeStaticInit(java.lang.Object, int)'> (0x00000000879e1130) 
thrown [s\src\hotspot\share\interpreter\linkResolver.cpp, line 771]
Event: 13.173 Thread 0x00000280c67ba980 Exception <a 'java/lang/NoSuchMethodError'{0x000000008852fdd0}: 'java.lang.Object java.lang.invoke.DirectMethodHandle$Holder.newInvokeSpecial(java.lang.Object, java.lang.Object, java.lang.Object, java.lang.Object, java.lang.Object, java.lang.Object, java.lang.Object)'> (0x000000008852fdd0) 
thrown [s\src\hotspot\share\interpreter\linkResolver.cpp, line 771]
Event: 13.173 Thread 0x00000280c67ba980 Exception <a 'java/lang/NoSuchMethodError'{0x0000000088535180}: 'java.lang.Object java.lang.invoke.Invokers$Holder.linkToTargetMethod(java.lang.Object, java.lang.Object, java.lang.Object, java.lang.Object, java.lang.Object, java.lang.Object, java.lang.Object)'> (0x0000000088535180) 
thrown [s\src\hotspot\share\interpreter\linkResolver.cpp, line 771]
Event: 15.335 Thread 0x00000280c67ba980 Implicit null exception at 0x00000280d1b8b04c to 0x00000280d1b8b20c
Event: 15.853 Thread 0x00000280c67ba980 Implicit null exception at 0x00000280d1b1592c to 0x00000280d1b159ec
Event: 18.928 Thread 0x00000280c67ba980 Implicit null exception at 0x00000280d1a059b4 to 0x00000280d1a05a41
Event: 19.296 Thread 0x00000280c67ba980 Implicit null exception at 0x00000280d1813f8c to 0x00000280d18141f4
Event: 21.218 Thread 0x00000280c67ba980 Exception <a 'java/lang/NoSuchMethodError'{0x000000008b2afb50}: 'java.lang.Object java.lang.invoke.DirectMethodHandle$Holder.invokeStaticInit(java.lang.Object, java.lang.Object, java.lang.Object, java.lang.Object)'> (0x000000008b2afb50) 
thrown [s\src\hotspot\share\interpreter\linkResolver.cpp, line 771]
Event: 22.237 Thread 0x00000280c67ba980 Exception <a 'java/lang/NoSuchMethodError'{0x000000008a4fd920}: 'java.lang.Object java.lang.invoke.DirectMethodHandle$Holder.newInvokeSpecial(java.lang.Object, java.lang.Object, java.lang.Object, int, int)'> (0x000000008a4fd920) 
thrown [s\src\hotspot\share\interpreter\linkResolver.cpp, line 771]
Event: 22.237 Thread 0x00000280c67ba980 Exception <a 'java/lang/NoSuchMethodError'{0x000000008a301c10}: 'java.lang.Object java.lang.invoke.DirectMethodHandle$Holder.invokeSpecial(java.lang.Object, java.lang.Object, java.lang.Object, java.lang.Object, int, int)'> (0x000000008a301c10) 
thrown [s\src\hotspot\share\interpreter\linkResolver.cpp, line 771]
Event: 22.405 Thread 0x00000280c67ba980 Implicit null exception at 0x00000280d17ca910 to 0x00000280d17cabc8

VM Operations (20 events):
Event: 21.717 Executing VM operation: HandshakeAllThreads
Event: 21.717 Executing VM operation: HandshakeAllThreads done
Event: 21.720 Executing VM operation: HandshakeAllThreads
Event: 21.720 Executing VM operation: HandshakeAllThreads done
Event: 21.848 Executing VM operation: HandshakeAllThreads
Event: 21.848 Executing VM operation: HandshakeAllThreads done
Event: 21.864 Executing VM operation: ICBufferFull
Event: 21.921 Executing VM operation: ICBufferFull done
Event: 22.255 Executing VM operation: HandshakeAllThreads
Event: 22.255 Executing VM operation: HandshakeAllThreads done
Event: 22.571 Executing VM operation: HandshakeAllThreads
Event: 22.571 Executing VM operation: HandshakeAllThreads done
Event: 22.575 Executing VM operation: HandshakeAllThreads
Event: 22.575 Executing VM operation: HandshakeAllThreads done
Event: 22.637 Executing VM operation: HandshakeAllThreads
Event: 22.637 Executing VM operation: HandshakeAllThreads done
Event: 22.706 Executing VM operation: HandshakeAllThreads
Event: 22.706 Executing VM operation: HandshakeAllThreads done
Event: 22.801 Executing VM operation: ICBufferFull
Event: 22.801 Executing VM operation: ICBufferFull done

Events (20 events):
Event: 22.719 Thread 0x00000280e40495a0 flushing nmethod 0x00000280cb33e990
Event: 22.719 Thread 0x00000280e40495a0 flushing nmethod 0x00000280cb40a810
Event: 22.719 Thread 0x00000280e40495a0 flushing nmethod 0x00000280cb451d90
Event: 22.719 Thread 0x00000280e40495a0 flushing nmethod 0x00000280cb455f10
Event: 22.719 Thread 0x00000280e40495a0 flushing nmethod 0x00000280cb478690
Event: 22.719 Thread 0x00000280e40495a0 flushing nmethod 0x00000280cb52af10
Event: 22.719 Thread 0x00000280e40495a0 flushing nmethod 0x00000280cb530810
Event: 22.719 Thread 0x00000280e40495a0 flushing nmethod 0x00000280cb538690
Event: 22.719 Thread 0x00000280e40495a0 flushing nmethod 0x00000280cb53e790
Event: 22.719 Thread 0x00000280e40495a0 flushing nmethod 0x00000280cb545790
Event: 22.719 Thread 0x00000280e40495a0 flushing nmethod 0x00000280cb54f390
Event: 22.719 Thread 0x00000280e40495a0 flushing nmethod 0x00000280cb56be10
Event: 22.720 Thread 0x00000280e40495a0 flushing nmethod 0x00000280cb5ae710
Event: 22.720 Thread 0x00000280e40495a0 flushing nmethod 0x00000280cb5dda90
Event: 22.720 Thread 0x00000280e40495a0 flushing nmethod 0x00000280cb5f2810
Event: 22.720 Thread 0x00000280e40495a0 flushing nmethod 0x00000280cb6b8d10
Event: 22.720 Thread 0x00000280e40495a0 flushing nmethod 0x00000280cb762790
Event: 22.720 Thread 0x00000280e40495a0 flushing nmethod 0x00000280cb771890
Event: 22.721 Thread 0x00000280e40495a0 flushing nmethod 0x00000280cb7ca910
Event: 22.721 Thread 0x00000280e40495a0 flushing nmethod 0x00000280cb7e0390


Dynamic libraries:
0x00007ff794f20000 - 0x00007ff794f2a000 	C:\Program Files\Android\Android Studio\jbr\bin\java.exe
0x00007fffde8d0000 - 0x00007fffdeae7000 	C:\WINDOWS\SYSTEM32\ntdll.dll
0x00007fffddfb0000 - 0x00007fffde074000 	C:\WINDOWS\System32\KERNEL32.DLL
0x00007fffdc240000 - 0x00007fffdc5f7000 	C:\WINDOWS\System32\KERNELBASE.dll
0x00007fffdbd00000 - 0x00007fffdbe11000 	C:\WINDOWS\System32\ucrtbase.dll
0x00007fffc5070000 - 0x00007fffc5087000 	C:\Program Files\Android\Android Studio\jbr\bin\jli.dll
0x00007fffdc8e0000 - 0x00007fffdca8f000 	C:\WINDOWS\System32\USER32.dll
0x00007fffdbf60000 - 0x00007fffdbf86000 	C:\WINDOWS\System32\win32u.dll
0x00007fffddf20000 - 0x00007fffddf49000 	C:\WINDOWS\System32\GDI32.dll
0x00007fffdbbe0000 - 0x00007fffdbcf8000 	C:\WINDOWS\System32\gdi32full.dll
0x00007fffdbec0000 - 0x00007fffdbf5a000 	C:\WINDOWS\System32\msvcp_win.dll
0x00007fffb3ff0000 - 0x00007fffb400b000 	C:\Program Files\Android\Android Studio\jbr\bin\VCRUNTIME140.dll
0x00007fffc0d10000 - 0x00007fffc0fa3000 	C:\WINDOWS\WinSxS\amd64_microsoft.windows.common-controls_6595b64144ccf1df_6.0.22621.3672_none_2713b9d173822955\COMCTL32.dll
0x00007fffddd20000 - 0x00007fffdddc7000 	C:\WINDOWS\System32\msvcrt.dll
0x00007fffddad0000 - 0x00007fffddb01000 	C:\WINDOWS\System32\IMM32.DLL
0x00007fffc4bd0000 - 0x00007fffc4bdc000 	C:\Program Files\Android\Android Studio\jbr\bin\vcruntime140_1.dll
0x00007fff59d40000 - 0x00007fff59dcd000 	C:\Program Files\Android\Android Studio\jbr\bin\msvcp140.dll
0x00007fff5edd0000 - 0x00007fff5fa53000 	C:\Program Files\Android\Android Studio\jbr\bin\server\jvm.dll
0x00007fffde090000 - 0x00007fffde142000 	C:\WINDOWS\System32\ADVAPI32.dll
0x00007fffde150000 - 0x00007fffde1f8000 	C:\WINDOWS\System32\sechost.dll
0x00007fffdbe90000 - 0x00007fffdbeb8000 	C:\WINDOWS\System32\bcrypt.dll
0x00007fffdc7c0000 - 0x00007fffdc8d4000 	C:\WINDOWS\System32\RPCRT4.dll
0x00007fffd94a0000 - 0x00007fffd94d4000 	C:\WINDOWS\SYSTEM32\WINMM.dll
0x00007fffdb460000 - 0x00007fffdb4ad000 	C:\WINDOWS\SYSTEM32\POWRPROF.dll
0x00007fffa4630000 - 0x00007fffa4639000 	C:\WINDOWS\SYSTEM32\WSOCK32.dll
0x00007fffd31c0000 - 0x00007fffd31ca000 	C:\WINDOWS\SYSTEM32\VERSION.dll
0x00007fffdddf0000 - 0x00007fffdde61000 	C:\WINDOWS\System32\WS2_32.dll
0x00007fffdb440000 - 0x00007fffdb453000 	C:\WINDOWS\SYSTEM32\UMPDC.dll
0x00007fffdac30000 - 0x00007fffdac48000 	C:\WINDOWS\SYSTEM32\kernel.appcore.dll
0x00007fffd38e0000 - 0x00007fffd38ea000 	C:\Program Files\Android\Android Studio\jbr\bin\jimage.dll
0x00007fffd9230000 - 0x00007fffd9462000 	C:\WINDOWS\SYSTEM32\DBGHELP.DLL
0x00007fffdd530000 - 0x00007fffdd8be000 	C:\WINDOWS\System32\combase.dll
0x00007fffdd9d0000 - 0x00007fffddaa7000 	C:\WINDOWS\System32\OLEAUT32.dll
0x00007fff9ac40000 - 0x00007fff9ac72000 	C:\WINDOWS\SYSTEM32\dbgcore.DLL
0x00007fffdc100000 - 0x00007fffdc17b000 	C:\WINDOWS\System32\bcryptPrimitives.dll
0x00007fffcfa10000 - 0x00007fffcfa35000 	C:\Program Files\Android\Android Studio\jbr\bin\java.dll
0x00007fffcf9f0000 - 0x00007fffcfa08000 	C:\Program Files\Android\Android Studio\jbr\bin\zip.dll
0x00007fffdccc0000 - 0x00007fffdd529000 	C:\WINDOWS\System32\SHELL32.dll
0x00007fffd9b50000 - 0x00007fffda44f000 	C:\WINDOWS\SYSTEM32\windows.storage.dll
0x00007fffd9a10000 - 0x00007fffd9b4f000 	C:\WINDOWS\SYSTEM32\wintypes.dll
0x00007fffdd8d0000 - 0x00007fffdd9c9000 	C:\WINDOWS\System32\SHCORE.dll
0x00007fffddcc0000 - 0x00007fffddd1e000 	C:\WINDOWS\System32\shlwapi.dll
0x00007fffdbb10000 - 0x00007fffdbb37000 	C:\WINDOWS\SYSTEM32\profapi.dll
0x00007fffc6dd0000 - 0x00007fffc6de9000 	C:\Program Files\Android\Android Studio\jbr\bin\net.dll
0x00007fffd6820000 - 0x00007fffd6956000 	C:\WINDOWS\SYSTEM32\WINHTTP.dll
0x00007fffdb0a0000 - 0x00007fffdb109000 	C:\WINDOWS\system32\mswsock.dll
0x00007fffc50c0000 - 0x00007fffc50d6000 	C:\Program Files\Android\Android Studio\jbr\bin\nio.dll
0x00007fffd1310000 - 0x00007fffd1320000 	C:\Program Files\Android\Android Studio\jbr\bin\verify.dll

dbghelp: loaded successfully - version: 4.0.5 - missing functions: none
symbol engine: initialized successfully - sym options: 0x614 - pdb path: .;C:\Program Files\Android\Android Studio\jbr\bin;C:\WINDOWS\SYSTEM32;C:\WINDOWS\WinSxS\amd64_microsoft.windows.common-controls_6595b64144ccf1df_6.0.22621.3672_none_2713b9d173822955;C:\Program Files\Android\Android Studio\jbr\bin\server

VM Arguments:
java_command: org.jetbrains.kotlin.cli.jvm.K2JVMCompiler @C:\Users\bimur\AndroidStudioProjects\AndroidFinal2\app\build\20241102_6362896775032008868.compiler.options
java_class_path (initial): C:\Users\bimur\.gradle\caches\modules-2\files-2.1\org.jetbrains.kotlin\kotlin-compiler-embeddable\1.9.0\2c8c3a7402becca891f12739b3e9fd2dc2adbd7a\kotlin-compiler-embeddable-1.9.0.jar;C:\Users\bimur\.gradle\caches\modules-2\files-2.1\org.jetbrains.kotlin\kotlin-stdlib\1.9.0\8ee15ef0c67dc83d874f412d84378d7f0eb50b63\kotlin-stdlib-1.9.0.jar;C:\Users\bimur\.gradle\caches\modules-2\files-2.1\org.jetbrains.kotlin\kotlin-script-runtime\1.9.0\4b3102cbbb7e1b58d9d1adf89563f00069ffa7d1\kotlin-script-runtime-1.9.0.jar;C:\Users\bimur\.gradle\caches\modules-2\files-2.1\org.jetbrains.kotlin\kotlin-reflect\1.6.10\1cbe9c92c12a94eea200d23c2bbaedaf3daf5132\kotlin-reflect-1.6.10.jar;C:\Users\bimur\.gradle\caches\modules-2\files-2.1\org.jetbrains.kotlin\kotlin-daemon-embeddable\1.9.0\186543f5e28cf8d9a0290fecc2cf34301c40a65c\kotlin-daemon-embeddable-1.9.0.jar;C:\Users\bimur\.gradle\caches\modules-2\files-2.1\org.jetbrains.intellij.deps\trove4j\1.0.20200330\3afb14d5f9ceb459d724e907a21145e8ff394f02\trove4j-1.0.20200330.jar;C:\Users\bimur\.gradle\caches\modules-2\files-2.1\org.jetbrains.kotlin\kotlin-stdlib-common\1.9.0\cd65c21cfd1eec4d44ef09f9f52b6d9f8a720636\kotlin-stdlib-common-1.9.0.jar;C:\Users\bimur\.gradle\caches\modules-2\files-2.1\org.jetbrains\annotations\13.0\919f0dfe192fb4e063e7dacadee7f8bb9a2672a9\annotations-13.0.jar
Launcher Type: SUN_STANDARD

[Global flags]
     intx CICompilerCount                          = 3                                         {product} {ergonomic}
     uint ConcGCThreads                            = 1                                         {product} {ergonomic}
     uint G1ConcRefinementThreads                  = 4                                         {product} {ergonomic}
   size_t G1HeapRegionSize                         = 1048576                                   {product} {ergonomic}
    uintx GCDrainStackTargetSize                   = 64                                        {product} {ergonomic}
   size_t InitialHeapSize                          = 132120576                                 {product} {ergonomic}
   size_t MarkStackSize                            = 4194304                                   {product} {ergonomic}
   size_t MaxHeapSize                              = 2095054848                                {product} {ergonomic}
   size_t MaxNewSize                               = 1256194048                                {product} {ergonomic}
   size_t MinHeapDeltaBytes                        = 1048576                                   {product} {ergonomic}
   size_t MinHeapSize                              = 8388608                                   {product} {ergonomic}
    uintx NonNMethodCodeHeapSize                   = 5832780                                {pd product} {ergonomic}
    uintx NonProfiledCodeHeapSize                  = 122912730                              {pd product} {ergonomic}
    uintx ProfiledCodeHeapSize                     = 122912730                              {pd product} {ergonomic}
    uintx ReservedCodeCacheSize                    = 251658240                              {pd product} {ergonomic}
     bool SegmentedCodeCache                       = true                                      {product} {ergonomic}
   size_t SoftMaxHeapSize                          = 2095054848                             {manageable} {ergonomic}
     bool UseCompressedClassPointers               = true                           {product lp64_product} {ergonomic}
     bool UseCompressedOops                        = true                           {product lp64_product} {ergonomic}
     bool UseG1GC                                  = true                                      {product} {ergonomic}
     bool UseLargePagesIndividualAllocation        = false                                  {pd product} {ergonomic}

Logging:
Log output configuration:
 #0: stdout all=warning uptime,level,tags
 #1: stderr all=off uptime,level,tags

Environment Variables:
PATH=C:\Program Files (x86)\Common Files\Oracle\Java\javapath;C:\Windows\System32\HWAudioDriverLibs;C:\Windows\system32;C:\Windows;C:\Windows\System32\Wbem;C:\Windows\System32\WindowsPowerShell\v1.0\;C:\Windows\System32\OpenSSH\;C:\Users\Administrator\AppData\Local\Microsoft\WindowsApps;C:\Program Files\Git\cmd;C:\WINDOWS\system32;C:\WINDOWS;C:\WINDOWS\System32\Wbem;C:\WINDOWS\System32\WindowsPowerShell\v1.0\;C:\WINDOWS\System32\OpenSSH\;C:\Users\bimur\AppData\Local\Programs\Python\Python311\Scripts\;C:\Users\bimur\AppData\Local\Programs\Python\Python311\;C:\Users\bimur\AppData\Local\Microsoft\WindowsApps;;C:\Program Files\JetBrains\IntelliJ IDEA Educational Edition 2022.2\bin;;C:\Program Files\JetBrains\IntelliJ IDEA Community Edition 2022.2.2\bin;;C:\Program Files\JetBrains\PyCharm Community Edition 2022.2.3\bin;;C:\Users\bimur\AppData\Local\Programs\Microsoft VS Code\bin;C:\Program Files\JetBrains\IntelliJ IDEA 2023.3\bin;
USERNAME=bimur
OS=Windows_NT
PROCESSOR_IDENTIFIER=Intel64 Family 6 Model 140 Stepping 1, GenuineIntel
TMP=C:\Users\bimur\AppData\Local\Temp
TEMP=C:\Users\bimur\AppData\Local\Temp



Periodic native trim disabled

JNI global refs:
JNI global refs: 11, weak refs: 0

JNI global refs memory usage: 843, weak refs: 841

Process memory usage:
Resident Set Size: 322320K (3% of 8183096K total physical memory with 73564K free physical memory)

OOME stack traces (most recent first):
Classloader memory used:
Loader jdk.internal.loader.ClassLoaders$AppClassLoader                                 : 7324K
Loader bootstrap                                                                       : 1373K
Loader java.net.URLClassLoader                                                         : 53221B
Loader jdk.internal.reflect.DelegatingClassLoader                                      : 19665B


---------------  S Y S T E M  ---------------

OS:
 Windows 11 , 64 bit Build 22621 (10.0.22621.3958)
OS uptime: 16 days 0:34 hours

CPU: total 4 (initial active 4) (2 cores per cpu, 2 threads per core) family 6 model 140 stepping 1 microcode 0x8a, cx8, cmov, fxsr, ht, mmx, 3dnowpref, sse, sse2, sse3, ssse3, sse4.1, sse4.2, popcnt, lzcnt, tsc, tscinvbit, avx, avx2, aes, erms, clmul, bmi1, bmi2, adx, avx512f, avx512dq, avx512cd, avx512bw, avx512vl, sha, fma, vzeroupper, avx512_vpopcntdq, avx512_vpclmulqdq, avx512_vaes, avx512_vnni, clflush, clflushopt, clwb, avx512_vbmi2, avx512_vbmi
Processor Information for all 4 processors :
  Max Mhz: 2995, Current Mhz: 2995, Mhz Limit: 2995

Memory: 4k page, system-wide physical 7991M (73M free)
TotalPageFile size 21144M (AvailPageFile size 4M)
current process WorkingSet (physical memory assigned to process): 315M, peak: 337M
current process commit charge ("private bytes"): 355M, peak: 370M

vm_info: OpenJDK 64-Bit Server VM (17.0.11+0--11852314) for windows-amd64 JRE (17.0.11+0--11852314), built on May 16 2024 21:29:20 by "androidbuild" with MS VC++ 16.10 / 16.11 (VS2019)

END.
